<?xml version="1.0" encoding="UTF-8"?>
<robot generator="Robot 4.1 (Python 3.9.6 on win32)" generated="20210813 18:01:26.467" rpa="false" schemaversion="2">
<suite id="s1" name="VLeague Fixtures AutoStake" source="C:\Users\Delwin\PhyCharmProjects\IG_VirtualLeague\TestCases\VLeague_Fixtures_AutoStake.robot">
<test id="s1-t1" name="Fixtures with Autostake">
<kw name="Navigate to Virtual League" library="VL_keywords">
<kw name="Log To Console" library="BuiltIn">
<arg>Navigate to Virtual League</arg>
<doc>Logs the given message to the console.</doc>
<status status="PASS" starttime="20210813 18:01:26.655" endtime="20210813 18:01:26.655"/>
</kw>
<kw name="Open Browser" library="SeleniumLibrary">
<arg>${VLURL}</arg>
<arg>${BROWSER}</arg>
<doc>Opens a new browser instance to the optional ``url``.</doc>
<msg timestamp="20210813 18:01:26.656" level="INFO">Opening browser 'chrome' to base url 'https://staging.betlion.ke/home/virtualleague'.</msg>
<status status="PASS" starttime="20210813 18:01:26.655" endtime="20210813 18:01:29.193"/>
</kw>
<kw name="Set Selenium Implicit Wait" library="SeleniumLibrary">
<arg>10 seconds</arg>
<doc>Sets the implicit wait value used by Selenium.</doc>
<status status="PASS" starttime="20210813 18:01:29.193" endtime="20210813 18:01:29.195"/>
</kw>
<kw name="Maximize Browser Window" library="SeleniumLibrary">
<doc>Maximizes current browser window.</doc>
<status status="PASS" starttime="20210813 18:01:29.195" endtime="20210813 18:01:29.315"/>
</kw>
<kw name="Sleep" library="BuiltIn">
<arg>1</arg>
<doc>Pauses the test executed for the given time.</doc>
<msg timestamp="20210813 18:01:30.325" level="INFO">Slept 1 second</msg>
<status status="PASS" starttime="20210813 18:01:29.315" endtime="20210813 18:01:30.325"/>
</kw>
<kw name="Log To Console" library="BuiltIn">
<arg>Virtual League</arg>
<doc>Logs the given message to the console.</doc>
<status status="PASS" starttime="20210813 18:01:30.325" endtime="20210813 18:01:30.326"/>
</kw>
<kw name="Wait Until Element Is Enabled" library="SeleniumLibrary">
<arg>${BetLionLogoXpath}</arg>
<arg>10 seconds</arg>
<doc>Waits until the element ``locator`` is enabled.</doc>
<kw name="Capture Page Screenshot" library="SeleniumLibrary">
<doc>Takes a screenshot of the current page and embeds it into a log file.</doc>
<msg timestamp="20210813 18:01:40.686" level="INFO" html="true">&lt;/td&gt;&lt;/tr&gt;&lt;tr&gt;&lt;td colspan="3"&gt;&lt;a href="selenium-screenshot-1.png"&gt;&lt;img src="selenium-screenshot-1.png" width="800px"&gt;&lt;/a&gt;</msg>
<status status="PASS" starttime="20210813 18:01:40.549" endtime="20210813 18:01:40.686"/>
</kw>
<msg timestamp="20210813 18:01:40.689" level="FAIL">Element with locator 'xpath://div[@class='BetLion-Lite-Mobile']/div/div[2]/div/div[3]/a/img' not found.</msg>
<status status="FAIL" starttime="20210813 18:01:30.326" endtime="20210813 18:01:40.689"/>
</kw>
<kw name="Get DateTime" library="Common_keywords">
<var>${Date}</var>
<status status="NOT RUN" starttime="20210813 18:01:40.689" endtime="20210813 18:01:40.689"/>
</kw>
<kw name="Set Global Variable" library="BuiltIn">
<arg>${Path}</arg>
<arg>${EXECDIR}${/}..\\IG_VirtualLeague\\Results\\Screenshots\\IG_VirtualLeague\\${Date}</arg>
<doc>Makes a variable available globally in all tests and suites.</doc>
<status status="NOT RUN" starttime="20210813 18:01:40.689" endtime="20210813 18:01:40.689"/>
</kw>
<status status="FAIL" starttime="20210813 18:01:26.655" endtime="20210813 18:01:40.689"/>
</kw>
<kw name="Login to Virtual League" library="VL_keywords">
<status status="NOT RUN" starttime="20210813 18:01:40.690" endtime="20210813 18:01:40.690"/>
</kw>
<kw name="Select Fixtures with Autostake" library="VL_keywords">
<status status="NOT RUN" starttime="20210813 18:01:40.691" endtime="20210813 18:01:40.691"/>
</kw>
<tag>behavior-driven</tag>
<status status="FAIL" starttime="20210813 18:01:26.654" endtime="20210813 18:01:40.692">Element with locator 'xpath://div[@class='BetLion-Lite-Mobile']/div/div[2]/div/div[3]/a/img' not found.</status>
</test>
<doc>Login to Virtual League</doc>
<status status="FAIL" starttime="20210813 18:01:26.468" endtime="20210813 18:01:40.694"/>
</suite>
<statistics>
<total>
<stat pass="0" fail="1" skip="0">All Tests</stat>
</total>
<tag>
<stat pass="0" fail="1" skip="0">behavior-driven</stat>
</tag>
<suite>
<stat pass="0" fail="1" skip="0" id="s1" name="VLeague Fixtures AutoStake">VLeague Fixtures AutoStake</stat>
</suite>
</statistics>
<errors>
</errors>
</robot>
