<?xml version="1.0" encoding="UTF-8"?>
<robot generator="Robot 4.1 (Python 3.9.6 on win32)" generated="20210827 15:08:33.180" rpa="false" schemaversion="2">
<suite id="s1" name="VLeague Fixtures AutoStake TC" source="C:\Users\Delwin\PhyCharmProjects\IG_VirtualLeague\TestCases\VLeague_Fixtures_AutoStake_TC.robot">
<test id="s1-t1" name="Automation Priority List - V-League">
<kw name="Navigate to Virtual League" library="VL_keywords">
<kw name="Log To Console" library="BuiltIn">
<arg>Navigate to Virtual League</arg>
<doc>Logs the given message to the console.</doc>
<status status="PASS" starttime="20210827 15:08:33.370" endtime="20210827 15:08:33.370"/>
</kw>
<kw name="Open Browser" library="SeleniumLibrary">
<arg>${VLURL}</arg>
<arg>${BROWSER}</arg>
<doc>Opens a new browser instance to the optional ``url``.</doc>
<msg timestamp="20210827 15:08:33.371" level="INFO">Opening browser 'chrome' to base url 'https://staging.betlion.ke/home/virtualleague'.</msg>
<status status="PASS" starttime="20210827 15:08:33.370" endtime="20210827 15:08:36.300"/>
</kw>
<kw name="Set Selenium Implicit Wait" library="SeleniumLibrary">
<arg>10 seconds</arg>
<doc>Sets the implicit wait value used by Selenium.</doc>
<status status="PASS" starttime="20210827 15:08:36.301" endtime="20210827 15:08:36.302"/>
</kw>
<kw name="Maximize Browser Window" library="SeleniumLibrary">
<doc>Maximizes current browser window.</doc>
<status status="PASS" starttime="20210827 15:08:36.303" endtime="20210827 15:08:36.420"/>
</kw>
<kw name="Sleep" library="BuiltIn">
<arg>1</arg>
<doc>Pauses the test executed for the given time.</doc>
<msg timestamp="20210827 15:08:37.430" level="INFO">Slept 1 second</msg>
<status status="PASS" starttime="20210827 15:08:36.421" endtime="20210827 15:08:37.430"/>
</kw>
<kw name="Log To Console" library="BuiltIn">
<arg>Virtual League</arg>
<doc>Logs the given message to the console.</doc>
<status status="PASS" starttime="20210827 15:08:37.430" endtime="20210827 15:08:37.431"/>
</kw>
<kw name="Wait Until Element Is Enabled" library="SeleniumLibrary">
<arg>${BetLionLogoXpath}</arg>
<arg>10 seconds</arg>
<doc>Waits until the element ``locator`` is enabled.</doc>
<status status="PASS" starttime="20210827 15:08:37.431" endtime="20210827 15:08:37.458"/>
</kw>
<kw name="Get DateTime" library="Common_keywords">
<var>${Date}</var>
<kw name="Get Current Date" library="DateTime">
<var>${date1}</var>
<arg>result_format=%Y-%m-%d %H-%M-%S</arg>
<doc>Returns current local or UTC time with an optional increment.</doc>
<msg timestamp="20210827 15:08:37.460" level="INFO">${date1} = 2021-08-27 15-08-37</msg>
<status status="PASS" starttime="20210827 15:08:37.459" endtime="20210827 15:08:37.460"/>
</kw>
<msg timestamp="20210827 15:08:37.461" level="INFO">${Date} = 2021-08-27 15-08-37</msg>
<status status="PASS" starttime="20210827 15:08:37.458" endtime="20210827 15:08:37.461"/>
</kw>
<kw name="Set Global Variable" library="BuiltIn">
<arg>${Path}</arg>
<arg>${EXECDIR}${/}..\\IG_VirtualLeague\\Results\\Screenshots\\IG_VirtualLeague\\${Date}</arg>
<doc>Makes a variable available globally in all tests and suites.</doc>
<msg timestamp="20210827 15:08:37.462" level="INFO">${Path} = C:\Users\Delwin\PhyCharmProjects\IG_VirtualLeague\..\IG_VirtualLeague\Results\Screenshots\IG_VirtualLeague\2021-08-27 15-08-37</msg>
<status status="PASS" starttime="20210827 15:08:37.461" endtime="20210827 15:08:37.462"/>
</kw>
<status status="PASS" starttime="20210827 15:08:33.370" endtime="20210827 15:08:37.462"/>
</kw>
<kw name="Login to Virtual League" library="VL_keywords">
<kw name="Log To Console" library="BuiltIn">
<arg>Login to Virtual League</arg>
<doc>Logs the given message to the console.</doc>
<status status="PASS" starttime="20210827 15:08:37.464" endtime="20210827 15:08:37.465"/>
</kw>
<kw name="Element Should Be Enabled" library="SeleniumLibrary">
<arg>${HomeLoginBtnXpath}</arg>
<doc>Verifies that element identified by ``locator`` is enabled.</doc>
<status status="PASS" starttime="20210827 15:08:37.465" endtime="20210827 15:08:37.493"/>
</kw>
<kw name="Sleep" library="BuiltIn">
<arg>1</arg>
<doc>Pauses the test executed for the given time.</doc>
<msg timestamp="20210827 15:08:38.508" level="INFO">Slept 1 second</msg>
<status status="PASS" starttime="20210827 15:08:37.494" endtime="20210827 15:08:38.508"/>
</kw>
<kw name="Unselect Frame" library="SeleniumLibrary">
<doc>Sets the main frame as the current frame.</doc>
<status status="PASS" starttime="20210827 15:08:38.508" endtime="20210827 15:08:38.513"/>
</kw>
<kw name="Wait Until Element Is Enabled" library="SeleniumLibrary">
<arg>${AllowNotificationsBtnXpath}</arg>
<arg>10 seconds</arg>
<doc>Waits until the element ``locator`` is enabled.</doc>
<status status="PASS" starttime="20210827 15:08:38.513" endtime="20210827 15:08:38.560"/>
</kw>
<kw name="Click Element" library="SeleniumLibrary">
<arg>${AllowNotificationsBtnXpath}</arg>
<doc>Click the element identified by ``locator``.</doc>
<msg timestamp="20210827 15:08:38.560" level="INFO">Clicking element 'xpath://div[@id='dengage-push-perm-slide']/div/div[2]/div/button[text()='Allow']'.</msg>
<status status="PASS" starttime="20210827 15:08:38.560" endtime="20210827 15:08:38.665"/>
</kw>
<kw name="Sleep" library="BuiltIn">
<arg>1</arg>
<doc>Pauses the test executed for the given time.</doc>
<msg timestamp="20210827 15:08:39.666" level="INFO">Slept 1 second</msg>
<status status="PASS" starttime="20210827 15:08:38.665" endtime="20210827 15:08:39.666"/>
</kw>
<kw name="Select Frame" library="SeleniumLibrary">
<arg>${iFrame}</arg>
<doc>Sets frame identified by ``locator`` as the current frame.</doc>
<msg timestamp="20210827 15:08:39.666" level="INFO">Selecting frame 'xpath://iframe[@id='virtualFrame']'.</msg>
<status status="PASS" starttime="20210827 15:08:39.666" endtime="20210827 15:08:39.697"/>
</kw>
<kw name="Wait Until Element Is Enabled" library="SeleniumLibrary">
<arg>${WelcomePlayNowBtn}</arg>
<arg>10 seconds</arg>
<doc>Waits until the element ``locator`` is enabled.</doc>
<status status="PASS" starttime="20210827 15:08:39.697" endtime="20210827 15:08:39.728"/>
</kw>
<kw name="Click Element" library="SeleniumLibrary">
<arg>${WelcomePlayNowBtn}</arg>
<doc>Click the element identified by ``locator``.</doc>
<msg timestamp="20210827 15:08:39.729" level="INFO">Clicking element 'xpath://div[@class='virtual-league-app']//button[text()='Play Now']'.</msg>
<status status="PASS" starttime="20210827 15:08:39.728" endtime="20210827 15:08:39.799"/>
</kw>
<kw name="Sleep" library="BuiltIn">
<arg>1</arg>
<doc>Pauses the test executed for the given time.</doc>
<msg timestamp="20210827 15:08:40.810" level="INFO">Slept 1 second</msg>
<status status="PASS" starttime="20210827 15:08:39.799" endtime="20210827 15:08:40.810"/>
</kw>
<kw name="Unselect Frame" library="SeleniumLibrary">
<doc>Sets the main frame as the current frame.</doc>
<status status="PASS" starttime="20210827 15:08:40.811" endtime="20210827 15:08:40.816"/>
</kw>
<kw name="Click Element" library="SeleniumLibrary">
<arg>${HomeLoginBtnXpath}</arg>
<doc>Click the element identified by ``locator``.</doc>
<msg timestamp="20210827 15:08:40.817" level="INFO">Clicking element 'xpath://div[@class='BLM-mainHeader-rightSection']//button[text()='Login']'.</msg>
<status status="PASS" starttime="20210827 15:08:40.816" endtime="20210827 15:08:41.282"/>
</kw>
<kw name="Sleep" library="BuiltIn">
<arg>1</arg>
<doc>Pauses the test executed for the given time.</doc>
<msg timestamp="20210827 15:08:42.284" level="INFO">Slept 1 second</msg>
<status status="PASS" starttime="20210827 15:08:41.282" endtime="20210827 15:08:42.284"/>
</kw>
<kw name="Wait Until Element Is Enabled" library="SeleniumLibrary">
<arg>${MobileNoID}</arg>
<arg>10 seconds</arg>
<doc>Waits until the element ``locator`` is enabled.</doc>
<status status="PASS" starttime="20210827 15:08:42.284" endtime="20210827 15:08:42.312"/>
</kw>
<kw name="Click Element" library="SeleniumLibrary">
<arg>${LoginBtnXpath}</arg>
<doc>Click the element identified by ``locator``.</doc>
<msg timestamp="20210827 15:08:42.313" level="INFO">Clicking element 'xpath://body/div[1]/div[2]/div[1]/div[1]/button[1]/span[1]'.</msg>
<status status="PASS" starttime="20210827 15:08:42.312" endtime="20210827 15:08:42.367"/>
</kw>
<kw name="Sleep" library="BuiltIn">
<arg>1</arg>
<doc>Pauses the test executed for the given time.</doc>
<msg timestamp="20210827 15:08:43.370" level="INFO">Slept 1 second</msg>
<status status="PASS" starttime="20210827 15:08:42.368" endtime="20210827 15:08:43.370"/>
</kw>
<kw name="Page Should Contain Element" library="SeleniumLibrary">
<arg>${BlankCredentialsMsg}</arg>
<doc>Verifies that element ``locator`` is found on the current page.</doc>
<msg timestamp="20210827 15:08:43.383" level="INFO">Current page contains element 'xpath://span[text()='Please enter valid credentials']'.</msg>
<status status="PASS" starttime="20210827 15:08:43.370" endtime="20210827 15:08:43.383"/>
</kw>
<kw name="Input Text" library="SeleniumLibrary">
<arg>${MobileNoID}</arg>
<arg>742343912</arg>
<doc>Types the given ``text`` into the text field identified by ``locator``.</doc>
<msg timestamp="20210827 15:08:43.385" level="INFO">Typing text '742343912' into text field 'id:userMobile'.</msg>
<status status="PASS" starttime="20210827 15:08:43.384" endtime="20210827 15:08:43.468"/>
</kw>
<kw name="Click Element" library="SeleniumLibrary">
<arg>${LoginBtnXpath}</arg>
<doc>Click the element identified by ``locator``.</doc>
<msg timestamp="20210827 15:08:43.469" level="INFO">Clicking element 'xpath://body/div[1]/div[2]/div[1]/div[1]/button[1]/span[1]'.</msg>
<status status="PASS" starttime="20210827 15:08:43.469" endtime="20210827 15:08:43.511"/>
</kw>
<kw name="Sleep" library="BuiltIn">
<arg>1</arg>
<doc>Pauses the test executed for the given time.</doc>
<msg timestamp="20210827 15:08:44.514" level="INFO">Slept 1 second</msg>
<status status="PASS" starttime="20210827 15:08:43.511" endtime="20210827 15:08:44.514"/>
</kw>
<kw name="Page Should Contain Element" library="SeleniumLibrary">
<arg>${BlankCredentialsMsg}</arg>
<doc>Verifies that element ``locator`` is found on the current page.</doc>
<msg timestamp="20210827 15:08:44.524" level="INFO">Current page contains element 'xpath://span[text()='Please enter valid credentials']'.</msg>
<status status="PASS" starttime="20210827 15:08:44.514" endtime="20210827 15:08:44.524"/>
</kw>
<kw name="Clear Element Text" library="SeleniumLibrary">
<arg>${MobileNoID}</arg>
<doc>Clears the value of the text-input-element identified by ``locator``.</doc>
<status status="PASS" starttime="20210827 15:08:44.524" endtime="20210827 15:08:44.559"/>
</kw>
<kw name="Input Text" library="SeleniumLibrary">
<arg>${PinID}</arg>
<arg>1111</arg>
<doc>Types the given ``text`` into the text field identified by ``locator``.</doc>
<msg timestamp="20210827 15:08:44.560" level="INFO">Typing text '1111' into text field 'id:userPass'.</msg>
<status status="PASS" starttime="20210827 15:08:44.559" endtime="20210827 15:08:44.635"/>
</kw>
<kw name="Click Element" library="SeleniumLibrary">
<arg>${LoginBtnXpath}</arg>
<doc>Click the element identified by ``locator``.</doc>
<msg timestamp="20210827 15:08:44.637" level="INFO">Clicking element 'xpath://body/div[1]/div[2]/div[1]/div[1]/button[1]/span[1]'.</msg>
<status status="PASS" starttime="20210827 15:08:44.637" endtime="20210827 15:08:44.679"/>
</kw>
<kw name="Sleep" library="BuiltIn">
<arg>1</arg>
<doc>Pauses the test executed for the given time.</doc>
<msg timestamp="20210827 15:08:45.695" level="INFO">Slept 1 second</msg>
<status status="PASS" starttime="20210827 15:08:44.679" endtime="20210827 15:08:45.695"/>
</kw>
<kw name="Page Should Contain Element" library="SeleniumLibrary">
<arg>${BlankCredentialsMsg}</arg>
<doc>Verifies that element ``locator`` is found on the current page.</doc>
<msg timestamp="20210827 15:08:45.705" level="INFO">Current page contains element 'xpath://span[text()='Please enter valid credentials']'.</msg>
<status status="PASS" starttime="20210827 15:08:45.695" endtime="20210827 15:08:45.706"/>
</kw>
<kw name="Clear Element Text" library="SeleniumLibrary">
<arg>${PinID}</arg>
<doc>Clears the value of the text-input-element identified by ``locator``.</doc>
<status status="PASS" starttime="20210827 15:08:45.706" endtime="20210827 15:08:45.740"/>
</kw>
<kw name="Input Text" library="SeleniumLibrary">
<arg>${MobileNoID}</arg>
<arg>881659001</arg>
<doc>Types the given ``text`` into the text field identified by ``locator``.</doc>
<msg timestamp="20210827 15:08:45.741" level="INFO">Typing text '881659001' into text field 'id:userMobile'.</msg>
<status status="PASS" starttime="20210827 15:08:45.740" endtime="20210827 15:08:45.812"/>
</kw>
<kw name="Input Text" library="SeleniumLibrary">
<arg>${PinID}</arg>
<arg>9865</arg>
<doc>Types the given ``text`` into the text field identified by ``locator``.</doc>
<msg timestamp="20210827 15:08:45.813" level="INFO">Typing text '9865' into text field 'id:userPass'.</msg>
<status status="PASS" starttime="20210827 15:08:45.812" endtime="20210827 15:08:45.878"/>
</kw>
<kw name="Click Element" library="SeleniumLibrary">
<arg>${LoginBtnXpath}</arg>
<doc>Click the element identified by ``locator``.</doc>
<msg timestamp="20210827 15:08:45.879" level="INFO">Clicking element 'xpath://body/div[1]/div[2]/div[1]/div[1]/button[1]/span[1]'.</msg>
<status status="PASS" starttime="20210827 15:08:45.878" endtime="20210827 15:08:45.941"/>
</kw>
<kw name="Sleep" library="BuiltIn">
<arg>1</arg>
<doc>Pauses the test executed for the given time.</doc>
<msg timestamp="20210827 15:08:46.950" level="INFO">Slept 1 second</msg>
<status status="PASS" starttime="20210827 15:08:45.941" endtime="20210827 15:08:46.951"/>
</kw>
<kw name="Page Should Contain Element" library="SeleniumLibrary">
<arg>${InvalidCredentialsMsg}</arg>
<doc>Verifies that element ``locator`` is found on the current page.</doc>
<msg timestamp="20210827 15:08:46.970" level="INFO">Current page contains element 'xpath://span[text()='Sorry, that username / password combination has not been recognised Code:401']'.</msg>
<status status="PASS" starttime="20210827 15:08:46.951" endtime="20210827 15:08:46.970"/>
</kw>
<kw name="Sleep" library="BuiltIn">
<arg>1</arg>
<doc>Pauses the test executed for the given time.</doc>
<msg timestamp="20210827 15:08:47.974" level="INFO">Slept 1 second</msg>
<status status="PASS" starttime="20210827 15:08:46.971" endtime="20210827 15:08:47.974"/>
</kw>
<kw name="Clear Element Text" library="SeleniumLibrary">
<arg>${MobileNoID}</arg>
<doc>Clears the value of the text-input-element identified by ``locator``.</doc>
<status status="PASS" starttime="20210827 15:08:47.974" endtime="20210827 15:08:48.012"/>
</kw>
<kw name="Clear Element Text" library="SeleniumLibrary">
<arg>${PinID}</arg>
<doc>Clears the value of the text-input-element identified by ``locator``.</doc>
<status status="PASS" starttime="20210827 15:08:48.013" endtime="20210827 15:08:48.048"/>
</kw>
<kw name="Sleep" library="BuiltIn">
<arg>1</arg>
<doc>Pauses the test executed for the given time.</doc>
<msg timestamp="20210827 15:08:49.061" level="INFO">Slept 1 second</msg>
<status status="PASS" starttime="20210827 15:08:48.048" endtime="20210827 15:08:49.061"/>
</kw>
<kw name="Input Text" library="SeleniumLibrary">
<arg>${MobileNoID}</arg>
<arg>742343912</arg>
<doc>Types the given ``text`` into the text field identified by ``locator``.</doc>
<msg timestamp="20210827 15:08:49.063" level="INFO">Typing text '742343912' into text field 'id:userMobile'.</msg>
<status status="PASS" starttime="20210827 15:08:49.062" endtime="20210827 15:08:49.136"/>
</kw>
<kw name="Input Text" library="SeleniumLibrary">
<arg>${PinID}</arg>
<arg>1111</arg>
<doc>Types the given ``text`` into the text field identified by ``locator``.</doc>
<msg timestamp="20210827 15:08:49.137" level="INFO">Typing text '1111' into text field 'id:userPass'.</msg>
<status status="PASS" starttime="20210827 15:08:49.136" endtime="20210827 15:08:49.189"/>
</kw>
<kw name="Click Element" library="SeleniumLibrary">
<arg>${LoginBtnXpath}</arg>
<doc>Click the element identified by ``locator``.</doc>
<msg timestamp="20210827 15:08:49.190" level="INFO">Clicking element 'xpath://body/div[1]/div[2]/div[1]/div[1]/button[1]/span[1]'.</msg>
<status status="PASS" starttime="20210827 15:08:49.189" endtime="20210827 15:08:49.229"/>
</kw>
<kw name="Sleep" library="BuiltIn">
<arg>1</arg>
<doc>Pauses the test executed for the given time.</doc>
<msg timestamp="20210827 15:08:50.233" level="INFO">Slept 1 second</msg>
<status status="PASS" starttime="20210827 15:08:49.229" endtime="20210827 15:08:50.233"/>
</kw>
<kw name="Wait Until Element Is Enabled" library="SeleniumLibrary">
<arg>${DepositBtnXpath}</arg>
<arg>10 seconds</arg>
<doc>Waits until the element ``locator`` is enabled.</doc>
<status status="PASS" starttime="20210827 15:08:50.233" endtime="20210827 15:08:50.265"/>
</kw>
<kw name="Screenshot" library="Common_keywords">
<arg>BetLion_Virtual League Logged in page.png</arg>
<kw name="Set Screenshot Directory" library="SeleniumLibrary">
<arg>${Path}</arg>
<doc>Sets the directory for captured screenshots.</doc>
<status status="PASS" starttime="20210827 15:08:50.266" endtime="20210827 15:08:50.266"/>
</kw>
<kw name="Capture Page Screenshot" library="SeleniumLibrary">
<arg>${filename}.${TYPE OF FILE}</arg>
<doc>Takes a screenshot of the current page and embeds it into a log file.</doc>
<msg timestamp="20210827 15:08:50.498" level="INFO" html="true">&lt;/td&gt;&lt;/tr&gt;&lt;tr&gt;&lt;td colspan="3"&gt;&lt;a href="Screenshots/IG_VirtualLeague/2021-08-27%2015-08-37/BetLion_Virtual%20League%20Logged%20in%20page.png.png"&gt;&lt;img src="Screenshots/IG_VirtualLeague/2021-08-27%2015-08-37/BetLion_Virtual%20League%20Logged%20in%20page.png.png" width="800px"&gt;&lt;/a&gt;</msg>
<status status="PASS" starttime="20210827 15:08:50.267" endtime="20210827 15:08:50.498"/>
</kw>
<kw name="Log To Console" library="BuiltIn">
<arg>${\n}Screenshot</arg>
<doc>Logs the given message to the console.</doc>
<status status="PASS" starttime="20210827 15:08:50.500" endtime="20210827 15:08:50.500"/>
</kw>
<status status="PASS" starttime="20210827 15:08:50.265" endtime="20210827 15:08:50.500"/>
</kw>
<status status="PASS" starttime="20210827 15:08:37.463" endtime="20210827 15:08:50.500"/>
</kw>
<kw name="Select Fixtures with Auto Stake_V-EPL" library="Fixtures_AutoStake_keywords">
<kw name="V-League Header" library="VL_keywords">
<kw name="Log To Console" library="BuiltIn">
<arg>V-League Header</arg>
<doc>Logs the given message to the console.</doc>
<status status="PASS" starttime="20210827 15:08:50.501" endtime="20210827 15:08:50.503"/>
</kw>
<kw name="Element Should Be Enabled" library="SeleniumLibrary">
<arg>${VLeagueHomeActive}</arg>
<doc>Verifies that element identified by ``locator`` is enabled.</doc>
<status status="PASS" starttime="20210827 15:08:50.503" endtime="20210827 15:08:50.531"/>
</kw>
<kw name="Wait Until Element Is Visible" library="SeleniumLibrary">
<arg>${VLeagueHeader}</arg>
<arg>10 seconds</arg>
<doc>Waits until the element ``locator`` is visible.</doc>
<status status="PASS" starttime="20210827 15:08:50.531" endtime="20210827 15:08:50.558"/>
</kw>
<kw name="Click Element" library="SeleniumLibrary">
<arg>${VLeagueHeader}</arg>
<doc>Click the element identified by ``locator``.</doc>
<msg timestamp="20210827 15:08:50.559" level="INFO">Clicking element 'xpath://div[@class='BLM-layout-header']//div[@class='BLM-subHeader']/ul[@class='topHeaderAddActiveClass']//li//a[@href='/Home/VirtualLeague']'.</msg>
<status status="PASS" starttime="20210827 15:08:50.559" endtime="20210827 15:08:51.273"/>
</kw>
<kw name="Sleep" library="BuiltIn">
<arg>1</arg>
<doc>Pauses the test executed for the given time.</doc>
<msg timestamp="20210827 15:08:52.283" level="INFO">Slept 1 second</msg>
<status status="PASS" starttime="20210827 15:08:51.273" endtime="20210827 15:08:52.283"/>
</kw>
<kw name="Wait Until Element Is Enabled" library="SeleniumLibrary">
<arg>${VLeagueHeaderActive}</arg>
<arg>10 seconds</arg>
<doc>Waits until the element ``locator`` is enabled.</doc>
<status status="PASS" starttime="20210827 15:08:52.284" endtime="20210827 15:08:52.322"/>
</kw>
<kw name="Screenshot" library="Common_keywords">
<arg>BetLion_Virtual League Landing Page.png</arg>
<kw name="Set Screenshot Directory" library="SeleniumLibrary">
<arg>${Path}</arg>
<doc>Sets the directory for captured screenshots.</doc>
<status status="PASS" starttime="20210827 15:08:52.324" endtime="20210827 15:08:52.324"/>
</kw>
<kw name="Capture Page Screenshot" library="SeleniumLibrary">
<arg>${filename}.${TYPE OF FILE}</arg>
<doc>Takes a screenshot of the current page and embeds it into a log file.</doc>
<msg timestamp="20210827 15:08:52.652" level="INFO" html="true">&lt;/td&gt;&lt;/tr&gt;&lt;tr&gt;&lt;td colspan="3"&gt;&lt;a href="Screenshots/IG_VirtualLeague/2021-08-27%2015-08-37/BetLion_Virtual%20League%20Landing%20Page.png.png"&gt;&lt;img src="Screenshots/IG_VirtualLeague/2021-08-27%2015-08-37/BetLion_Virtual%20League%20Landing%20Page.png.png" width="800px"&gt;&lt;/a&gt;</msg>
<status status="PASS" starttime="20210827 15:08:52.325" endtime="20210827 15:08:52.652"/>
</kw>
<kw name="Log To Console" library="BuiltIn">
<arg>${\n}Screenshot</arg>
<doc>Logs the given message to the console.</doc>
<status status="PASS" starttime="20210827 15:08:52.653" endtime="20210827 15:08:52.653"/>
</kw>
<status status="PASS" starttime="20210827 15:08:52.323" endtime="20210827 15:08:52.654"/>
</kw>
<status status="PASS" starttime="20210827 15:08:50.501" endtime="20210827 15:08:52.654"/>
</kw>
<kw name="Log To Console" library="BuiltIn">
<arg>Select Fixtures with Auto Stake_V-EPL</arg>
<doc>Logs the given message to the console.</doc>
<status status="PASS" starttime="20210827 15:08:52.654" endtime="20210827 15:08:52.655"/>
</kw>
<kw name="Select Frame" library="SeleniumLibrary">
<arg>${iFrame}</arg>
<doc>Sets frame identified by ``locator`` as the current frame.</doc>
<msg timestamp="20210827 15:08:52.655" level="INFO">Selecting frame 'xpath://iframe[@id='virtualFrame']'.</msg>
<status status="PASS" starttime="20210827 15:08:52.655" endtime="20210827 15:08:52.696"/>
</kw>
<kw name="Sleep" library="BuiltIn">
<arg>1</arg>
<doc>Pauses the test executed for the given time.</doc>
<msg timestamp="20210827 15:08:53.698" level="INFO">Slept 1 second</msg>
<status status="PASS" starttime="20210827 15:08:52.696" endtime="20210827 15:08:53.698"/>
</kw>
<kw name="Wait Until Element Is Visible" library="SeleniumLibrary">
<arg>${VLeagueNextStartTimer}</arg>
<arg>10 seconds</arg>
<doc>Waits until the element ``locator`` is visible.</doc>
<status status="PASS" starttime="20210827 15:08:53.698" endtime="20210827 15:08:53.742"/>
</kw>
<kw name="Element Should Be Enabled" library="SeleniumLibrary">
<arg>${VLeagueNextStartTimer}</arg>
<doc>Verifies that element identified by ``locator`` is enabled.</doc>
<status status="PASS" starttime="20210827 15:08:53.743" endtime="20210827 15:08:53.773"/>
</kw>
<kw name="Element Should Be Enabled" library="SeleniumLibrary">
<arg>${VLeagueCompSelectorDD}</arg>
<doc>Verifies that element identified by ``locator`` is enabled.</doc>
<status status="PASS" starttime="20210827 15:08:53.773" endtime="20210827 15:08:53.802"/>
</kw>
<kw name="Element Should Be Enabled" library="SeleniumLibrary">
<arg>${VLeagueTableTab}</arg>
<doc>Verifies that element identified by ``locator`` is enabled.</doc>
<status status="PASS" starttime="20210827 15:08:53.803" endtime="20210827 15:08:53.833"/>
</kw>
<kw name="Element Should Be Visible" library="SeleniumLibrary">
<arg>${VLeagueBetslip}</arg>
<doc>Verifies that the element identified by ``locator`` is visible.</doc>
<msg timestamp="20210827 15:08:53.859" level="INFO">Element 'xpath://a[@href='/matches']//div[text()='V-Betslip']' is displayed.</msg>
<status status="PASS" starttime="20210827 15:08:53.833" endtime="20210827 15:08:53.859"/>
</kw>
<kw name="Element Should Be Enabled" library="SeleniumLibrary">
<arg>${VLeagueMatchesTab}</arg>
<doc>Verifies that element identified by ``locator`` is enabled.</doc>
<status status="PASS" starttime="20210827 15:08:53.859" endtime="20210827 15:08:53.888"/>
</kw>
<kw name="Element Should Be Enabled" library="SeleniumLibrary">
<arg>${VLeagueLiveTab}</arg>
<doc>Verifies that element identified by ``locator`` is enabled.</doc>
<status status="PASS" starttime="20210827 15:08:53.888" endtime="20210827 15:08:53.920"/>
</kw>
<kw name="Element Should Be Enabled" library="SeleniumLibrary">
<arg>${VLeagueResultsTab}</arg>
<doc>Verifies that element identified by ``locator`` is enabled.</doc>
<status status="PASS" starttime="20210827 15:08:53.920" endtime="20210827 15:08:53.945"/>
</kw>
<kw name="Element Text Should Be" library="SeleniumLibrary">
<arg>${VLeague0Bonus}</arg>
<arg>0%</arg>
<doc>Verifies that element ``locator`` contains exact the text ``expected``.</doc>
<msg timestamp="20210827 15:08:53.947" level="INFO">Verifying element 'xpath://div[@class='bonus-bar']//div[@class='bonus-bar__current-multiplier--0__number']' contains exact text '0%'.</msg>
<status status="PASS" starttime="20210827 15:08:53.946" endtime="20210827 15:08:53.968"/>
</kw>
<kw name="Element Text Should Be" library="SeleniumLibrary">
<arg>${VLeagueSelected}</arg>
<arg>0</arg>
<doc>Verifies that element ``locator`` contains exact the text ``expected``.</doc>
<msg timestamp="20210827 15:08:53.969" level="INFO">Verifying element 'xpath://div[@class='bonus-bar']//span' contains exact text '0'.</msg>
<status status="PASS" starttime="20210827 15:08:53.968" endtime="20210827 15:08:53.991"/>
</kw>
<kw name="Element Should Be Enabled" library="SeleniumLibrary">
<arg>${VLeague1X2MenuItem}</arg>
<doc>Verifies that element identified by ``locator`` is enabled.</doc>
<status status="PASS" starttime="20210827 15:08:53.991" endtime="20210827 15:08:54.019"/>
</kw>
<kw name="Element Should Be Enabled" library="SeleniumLibrary">
<arg>${VLeagueGGMenuItem}</arg>
<doc>Verifies that element identified by ``locator`` is enabled.</doc>
<status status="PASS" starttime="20210827 15:08:54.019" endtime="20210827 15:08:54.049"/>
</kw>
<kw name="Element Should Be Enabled" library="SeleniumLibrary">
<arg>${VLeague0U25MenuItem}</arg>
<doc>Verifies that element identified by ``locator`` is enabled.</doc>
<status status="PASS" starttime="20210827 15:08:54.049" endtime="20210827 15:08:54.087"/>
</kw>
<kw name="Element Should Be Enabled" library="SeleniumLibrary">
<arg>${VLeagueDCMenuItem}</arg>
<doc>Verifies that element identified by ``locator`` is enabled.</doc>
<status status="PASS" starttime="20210827 15:08:54.087" endtime="20210827 15:08:54.119"/>
</kw>
<kw name="Get Element Count" library="SeleniumLibrary">
<var>${countMatches}</var>
<arg>${VLeagueMatchTableRows}</arg>
<doc>Returns the number of elements matching ``locator``.</doc>
<msg timestamp="20210827 15:08:54.132" level="INFO">${countMatches} = 10</msg>
<status status="PASS" starttime="20210827 15:08:54.119" endtime="20210827 15:08:54.132"/>
</kw>
<kw name="Should Be Equal As Integers" library="BuiltIn">
<arg>${countMatches}</arg>
<arg>10</arg>
<doc>Fails if objects are unequal after converting them to integers.</doc>
<msg timestamp="20210827 15:08:54.133" level="INFO">Argument types are:
&lt;class 'int'&gt;
&lt;type 'unicode'&gt;</msg>
<status status="PASS" starttime="20210827 15:08:54.132" endtime="20210827 15:08:54.133"/>
</kw>
<kw name="Log To Console" library="BuiltIn">
<arg>Match Table Count = ${countMatches}</arg>
<doc>Logs the given message to the console.</doc>
<status status="PASS" starttime="20210827 15:08:54.133" endtime="20210827 15:08:54.134"/>
</kw>
<kw name="Screenshot" library="Common_keywords">
<arg>BetLion_Virtual League Landing Validations.png</arg>
<kw name="Set Screenshot Directory" library="SeleniumLibrary">
<arg>${Path}</arg>
<doc>Sets the directory for captured screenshots.</doc>
<status status="PASS" starttime="20210827 15:08:54.134" endtime="20210827 15:08:54.135"/>
</kw>
<kw name="Capture Page Screenshot" library="SeleniumLibrary">
<arg>${filename}.${TYPE OF FILE}</arg>
<doc>Takes a screenshot of the current page and embeds it into a log file.</doc>
<msg timestamp="20210827 15:08:54.485" level="INFO" html="true">&lt;/td&gt;&lt;/tr&gt;&lt;tr&gt;&lt;td colspan="3"&gt;&lt;a href="Screenshots/IG_VirtualLeague/2021-08-27%2015-08-37/BetLion_Virtual%20League%20Landing%20Validations.png.png"&gt;&lt;img src="Screenshots/IG_VirtualLeague/2021-08-27%2015-08-37/BetLion_Virtual%20League%20Landing%20Validations.png.png" width="800px"&gt;&lt;/a&gt;</msg>
<status status="PASS" starttime="20210827 15:08:54.135" endtime="20210827 15:08:54.485"/>
</kw>
<kw name="Log To Console" library="BuiltIn">
<arg>${\n}Screenshot</arg>
<doc>Logs the given message to the console.</doc>
<status status="PASS" starttime="20210827 15:08:54.485" endtime="20210827 15:08:54.486"/>
</kw>
<status status="PASS" starttime="20210827 15:08:54.134" endtime="20210827 15:08:54.486"/>
</kw>
<kw name="Switch Between Leagues" library="VL_keywords">
<kw name="Log To Console" library="BuiltIn">
<arg>Switch Between Leagues</arg>
<doc>Logs the given message to the console.</doc>
<status status="PASS" starttime="20210827 15:08:54.487" endtime="20210827 15:08:54.488"/>
</kw>
<kw name="Click Element" library="SeleniumLibrary">
<arg>${VLeagueCompSelectorDD}</arg>
<doc>Click the element identified by ``locator``.</doc>
<msg timestamp="20210827 15:08:54.488" level="INFO">Clicking element 'xpath://div[@class='competition-selector__select']'.</msg>
<status status="PASS" starttime="20210827 15:08:54.488" endtime="20210827 15:08:54.581"/>
</kw>
<kw name="Wait Until Element Is Visible" library="SeleniumLibrary">
<arg>${VLeagueCompSelectorDDActive}</arg>
<arg>2 seconds</arg>
<doc>Waits until the element ``locator`` is visible.</doc>
<status status="PASS" starttime="20210827 15:08:54.582" endtime="20210827 15:08:54.612"/>
</kw>
<kw name="Page Should Contain Element" library="SeleniumLibrary">
<arg>${VLeagueCompSelectorDDActive}</arg>
<doc>Verifies that element ``locator`` is found on the current page.</doc>
<msg timestamp="20210827 15:08:54.623" level="INFO">Current page contains element 'xpath://div[@class='competition-selector__options-wrapper competition-selector__options-wrapper--active']'.</msg>
<status status="PASS" starttime="20210827 15:08:54.612" endtime="20210827 15:08:54.623"/>
</kw>
<kw name="Page Should Contain Element" library="SeleniumLibrary">
<arg>${VLeagueCompVEPLSelected}</arg>
<doc>Verifies that element ``locator`` is found on the current page.</doc>
<msg timestamp="20210827 15:08:54.635" level="INFO">Current page contains element 'xpath://div[@class='competition-selector__options-wrapper competition-selector__options-wrapper--active']//div[@class='competition-selector__option competition-selector__option--selected'][text()='V-EPL']'.</msg>
<status status="PASS" starttime="20210827 15:08:54.623" endtime="20210827 15:08:54.635"/>
</kw>
<kw name="Page Should Contain Element" library="SeleniumLibrary">
<arg>${VLeagueCompVLaLiga}</arg>
<doc>Verifies that element ``locator`` is found on the current page.</doc>
<msg timestamp="20210827 15:08:54.646" level="INFO">Current page contains element 'xpath://div[@class='competition-selector__options-wrapper competition-selector__options-wrapper--active']/div[text()='V-La Liga']'.</msg>
<status status="PASS" starttime="20210827 15:08:54.636" endtime="20210827 15:08:54.647"/>
</kw>
<kw name="Page Should Contain Element" library="SeleniumLibrary">
<arg>${VLeagueCompVAfricanNations}</arg>
<doc>Verifies that element ``locator`` is found on the current page.</doc>
<msg timestamp="20210827 15:08:54.663" level="INFO">Current page contains element 'xpath://div[@class='competition-selector__options-wrapper competition-selector__options-wrapper--active']/div[text()='V-African Nations']'.</msg>
<status status="PASS" starttime="20210827 15:08:54.647" endtime="20210827 15:08:54.663"/>
</kw>
<kw name="Page Should Contain Element" library="SeleniumLibrary">
<arg>${VLeagueCompVWorldLeague}</arg>
<doc>Verifies that element ``locator`` is found on the current page.</doc>
<msg timestamp="20210827 15:08:54.679" level="INFO">Current page contains element 'xpath://div[@class='competition-selector__options-wrapper competition-selector__options-wrapper--active']/div[text()='V-World League']'.</msg>
<status status="PASS" starttime="20210827 15:08:54.664" endtime="20210827 15:08:54.680"/>
</kw>
<kw name="Page Should Contain Element" library="SeleniumLibrary">
<arg>${VLeagueCompVEPLFlag}</arg>
<doc>Verifies that element ``locator`` is found on the current page.</doc>
<msg timestamp="20210827 15:08:54.695" level="INFO">Current page contains element 'xpath://div[@class='competition-selector__options-wrapper competition-selector__options-wrapper--active']//span[contains(@style, 'background-image: url("data:image/png;base64,iVBORw0KGgoAAAANSUhEUgAAACgAAAAYCAYAAACIhL/AAAAACXBIWXMAACxLAAAsSwGlPZapAAAAAXNSR0IArs4c6QAAAARnQU1BAACxjwv8YQUAAACiSURBVHgB7d')]'.</msg>
<status status="PASS" starttime="20210827 15:08:54.681" endtime="20210827 15:08:54.695"/>
</kw>
<kw name="Page Should Contain Element" library="SeleniumLibrary">
<arg>${VLeagueCompVLaLigaFlag}</arg>
<doc>Verifies that element ``locator`` is found on the current page.</doc>
<msg timestamp="20210827 15:08:54.707" level="INFO">Current page contains element 'xpath://div[@class='competition-selector__options-wrapper competition-selector__options-wrapper--active']//span[contains(@style, 'background-image: url("data:image/png;base64,iVBORw0KGgoAAAANSUhEUgAAACgAAAAYCAYAAACIhL/AAAAACXBIWXMAACxLAAAsSwGlPZapAAAAAXNSR0IArs4c6QAAAARnQU1BAACxjwv8YQUAAAGJSURBVHgB7Z')]'.</msg>
<status status="PASS" starttime="20210827 15:08:54.695" endtime="20210827 15:08:54.707"/>
</kw>
<kw name="Page Should Contain Element" library="SeleniumLibrary">
<arg>${VLeagueCompVAfricanNationsFlag}</arg>
<doc>Verifies that element ``locator`` is found on the current page.</doc>
<msg timestamp="20210827 15:08:54.721" level="INFO">Current page contains element 'xpath://div[@class='competition-selector__options-wrapper competition-selector__options-wrapper--active']//span[contains(@style, 'background-image: url("data:image/png;base64,iVBORw0KGgoAAAANSUhEUgAAACgAAAAcCAYAAAATFf3WAAAACXBIWXMAACxLAAAsSwGlPZapAAAAAXNSR0IArs4c6QAAAARnQU1BAACxjwv8YQUAAAtMSURBVHgBpV')]'.</msg>
<status status="PASS" starttime="20210827 15:08:54.708" endtime="20210827 15:08:54.722"/>
</kw>
<kw name="Page Should Contain Element" library="SeleniumLibrary">
<arg>${VLeagueCompVWorldLeagueFlag}</arg>
<doc>Verifies that element ``locator`` is found on the current page.</doc>
<msg timestamp="20210827 15:08:54.736" level="INFO">Current page contains element 'xpath://div[@class='competition-selector__options-wrapper competition-selector__options-wrapper--active']//span[contains(@style, 'background-image: url("data:image/png;base64,iVBORw0KGgoAAAANSUhEUgAAACgAAAAYCAYAAACIhL/AAAAACXBIWXMAACxLAAAsSwGlPZapAAAAAXNSR0IArs4c6QAAAARnQU1BAACxjwv8YQUAAAr2SURBVHgBjV')]'.</msg>
<status status="PASS" starttime="20210827 15:08:54.722" endtime="20210827 15:08:54.736"/>
</kw>
<kw name="Screenshot" library="Common_keywords">
<arg>BetLion_Virtual League All Competitions Shown.png</arg>
<kw name="Set Screenshot Directory" library="SeleniumLibrary">
<arg>${Path}</arg>
<doc>Sets the directory for captured screenshots.</doc>
<status status="PASS" starttime="20210827 15:08:54.737" endtime="20210827 15:08:54.738"/>
</kw>
<kw name="Capture Page Screenshot" library="SeleniumLibrary">
<arg>${filename}.${TYPE OF FILE}</arg>
<doc>Takes a screenshot of the current page and embeds it into a log file.</doc>
<msg timestamp="20210827 15:08:55.067" level="INFO" html="true">&lt;/td&gt;&lt;/tr&gt;&lt;tr&gt;&lt;td colspan="3"&gt;&lt;a href="Screenshots/IG_VirtualLeague/2021-08-27%2015-08-37/BetLion_Virtual%20League%20All%20Competitions%20Shown.png.png"&gt;&lt;img src="Screenshots/IG_VirtualLeague/2021-08-27%2015-08-37/BetLion_Virtual%20League%20All%20Competitions%20Shown.png.png" width="800px"&gt;&lt;/a&gt;</msg>
<status status="PASS" starttime="20210827 15:08:54.738" endtime="20210827 15:08:55.067"/>
</kw>
<kw name="Log To Console" library="BuiltIn">
<arg>${\n}Screenshot</arg>
<doc>Logs the given message to the console.</doc>
<status status="PASS" starttime="20210827 15:08:55.068" endtime="20210827 15:08:55.069"/>
</kw>
<status status="PASS" starttime="20210827 15:08:54.737" endtime="20210827 15:08:55.069"/>
</kw>
<kw name="Wait Until Element Is Visible" library="SeleniumLibrary">
<arg>${VLeagueCompVEPL}</arg>
<arg>10 seconds</arg>
<doc>Waits until the element ``locator`` is visible.</doc>
<status status="PASS" starttime="20210827 15:08:55.070" endtime="20210827 15:08:55.099"/>
</kw>
<kw name="Click Element" library="SeleniumLibrary">
<arg>${VLeagueCompVEPL}</arg>
<doc>Click the element identified by ``locator``.</doc>
<msg timestamp="20210827 15:08:55.100" level="INFO">Clicking element 'xpath://div[@class='competition-selector__options-wrapper competition-selector__options-wrapper--active']/div[text()='V-EPL']'.</msg>
<status status="PASS" starttime="20210827 15:08:55.099" endtime="20210827 15:08:55.186"/>
</kw>
<kw name="Sleep" library="BuiltIn">
<arg>1</arg>
<doc>Pauses the test executed for the given time.</doc>
<msg timestamp="20210827 15:08:56.197" level="INFO">Slept 1 second</msg>
<status status="PASS" starttime="20210827 15:08:55.186" endtime="20210827 15:08:56.197"/>
</kw>
<kw name="Wait Until Element Is Visible" library="SeleniumLibrary">
<arg>${VLeagueCompVEPLArsenal}</arg>
<arg>10 seconds</arg>
<doc>Waits until the element ``locator`` is visible.</doc>
<status status="PASS" starttime="20210827 15:08:56.198" endtime="20210827 15:08:56.232"/>
</kw>
<kw name="Page Should Contain Element" library="SeleniumLibrary">
<arg>${VLeagueCompVEPLArsenal}</arg>
<doc>Verifies that element ``locator`` is found on the current page.</doc>
<msg timestamp="20210827 15:08:56.240" level="INFO">Current page contains element 'xpath://div[@class='match-table']//span[text()='Arsenal']'.</msg>
<status status="PASS" starttime="20210827 15:08:56.232" endtime="20210827 15:08:56.240"/>
</kw>
<kw name="Page Should Contain Element" library="SeleniumLibrary">
<arg>${VLeagueCompVEPLChelsea}</arg>
<doc>Verifies that element ``locator`` is found on the current page.</doc>
<msg timestamp="20210827 15:08:56.252" level="INFO">Current page contains element 'xpath://div[@class='match-table']//span[text()='Chelsea']'.</msg>
<status status="PASS" starttime="20210827 15:08:56.241" endtime="20210827 15:08:56.252"/>
</kw>
<kw name="Screenshot" library="Common_keywords">
<arg>BetLion_Virtual League V-EPL Teams Visible on page.png</arg>
<kw name="Set Screenshot Directory" library="SeleniumLibrary">
<arg>${Path}</arg>
<doc>Sets the directory for captured screenshots.</doc>
<status status="PASS" starttime="20210827 15:08:56.253" endtime="20210827 15:08:56.253"/>
</kw>
<kw name="Capture Page Screenshot" library="SeleniumLibrary">
<arg>${filename}.${TYPE OF FILE}</arg>
<doc>Takes a screenshot of the current page and embeds it into a log file.</doc>
<msg timestamp="20210827 15:08:56.437" level="INFO" html="true">&lt;/td&gt;&lt;/tr&gt;&lt;tr&gt;&lt;td colspan="3"&gt;&lt;a href="Screenshots/IG_VirtualLeague/2021-08-27%2015-08-37/BetLion_Virtual%20League%20V-EPL%20Teams%20Visible%20on%20page.png.png"&gt;&lt;img src="Screenshots/IG_VirtualLeague/2021-08-27%2015-08-37/BetLion_Virtual%20League%20V-EPL%20Teams%20Visible%20on%20page.png.png" width="800px"&gt;&lt;/a&gt;</msg>
<status status="PASS" starttime="20210827 15:08:56.253" endtime="20210827 15:08:56.437"/>
</kw>
<kw name="Log To Console" library="BuiltIn">
<arg>${\n}Screenshot</arg>
<doc>Logs the given message to the console.</doc>
<status status="PASS" starttime="20210827 15:08:56.437" endtime="20210827 15:08:56.438"/>
</kw>
<status status="PASS" starttime="20210827 15:08:56.252" endtime="20210827 15:08:56.438"/>
</kw>
<kw name="Click Element" library="SeleniumLibrary">
<arg>${VLeagueCompSelectorDD}</arg>
<doc>Click the element identified by ``locator``.</doc>
<msg timestamp="20210827 15:08:56.439" level="INFO">Clicking element 'xpath://div[@class='competition-selector__select']'.</msg>
<status status="PASS" starttime="20210827 15:08:56.438" endtime="20210827 15:08:56.490"/>
</kw>
<kw name="Wait Until Element Is Visible" library="SeleniumLibrary">
<arg>${VLeagueCompSelectorDDActive}</arg>
<arg>2 seconds</arg>
<doc>Waits until the element ``locator`` is visible.</doc>
<status status="PASS" starttime="20210827 15:08:56.490" endtime="20210827 15:08:56.511"/>
</kw>
<kw name="Page Should Contain Element" library="SeleniumLibrary">
<arg>${VLeagueCompSelectorDDActive}</arg>
<doc>Verifies that element ``locator`` is found on the current page.</doc>
<msg timestamp="20210827 15:08:56.520" level="INFO">Current page contains element 'xpath://div[@class='competition-selector__options-wrapper competition-selector__options-wrapper--active']'.</msg>
<status status="PASS" starttime="20210827 15:08:56.512" endtime="20210827 15:08:56.520"/>
</kw>
<kw name="Sleep" library="BuiltIn">
<arg>1</arg>
<doc>Pauses the test executed for the given time.</doc>
<msg timestamp="20210827 15:08:57.535" level="INFO">Slept 1 second</msg>
<status status="PASS" starttime="20210827 15:08:56.521" endtime="20210827 15:08:57.535"/>
</kw>
<kw name="Wait Until Element Is Visible" library="SeleniumLibrary">
<arg>${VLeagueCompVLaLiga}</arg>
<arg>10 seconds</arg>
<doc>Waits until the element ``locator`` is visible.</doc>
<status status="PASS" starttime="20210827 15:08:57.536" endtime="20210827 15:08:57.561"/>
</kw>
<kw name="Click Element" library="SeleniumLibrary">
<arg>${VLeagueCompVLaLiga}</arg>
<doc>Click the element identified by ``locator``.</doc>
<msg timestamp="20210827 15:08:57.562" level="INFO">Clicking element 'xpath://div[@class='competition-selector__options-wrapper competition-selector__options-wrapper--active']/div[text()='V-La Liga']'.</msg>
<status status="PASS" starttime="20210827 15:08:57.562" endtime="20210827 15:08:57.644"/>
</kw>
<kw name="Sleep" library="BuiltIn">
<arg>1</arg>
<doc>Pauses the test executed for the given time.</doc>
<msg timestamp="20210827 15:08:58.651" level="INFO">Slept 1 second</msg>
<status status="PASS" starttime="20210827 15:08:57.644" endtime="20210827 15:08:58.651"/>
</kw>
<kw name="Wait Until Element Is Visible" library="SeleniumLibrary">
<arg>${VLeagueCompVLaLigaAtleticoMadrid}</arg>
<arg>10 seconds</arg>
<doc>Waits until the element ``locator`` is visible.</doc>
<status status="PASS" starttime="20210827 15:08:58.651" endtime="20210827 15:08:58.692"/>
</kw>
<kw name="Page Should Contain Element" library="SeleniumLibrary">
<arg>${VLeagueCompVLaLigaAtleticoMadrid}</arg>
<doc>Verifies that element ``locator`` is found on the current page.</doc>
<msg timestamp="20210827 15:08:58.702" level="INFO">Current page contains element 'xpath://div[@class='match-table']//span[text()='Atlético Madrid']'.</msg>
<status status="PASS" starttime="20210827 15:08:58.692" endtime="20210827 15:08:58.703"/>
</kw>
<kw name="Page Should Contain Element" library="SeleniumLibrary">
<arg>${VLeagueCompVLaLigaBarcelona}</arg>
<doc>Verifies that element ``locator`` is found on the current page.</doc>
<msg timestamp="20210827 15:08:58.717" level="INFO">Current page contains element 'xpath://div[@class='match-table']//span[text()='Barcelona']'.</msg>
<status status="PASS" starttime="20210827 15:08:58.703" endtime="20210827 15:08:58.717"/>
</kw>
<kw name="Screenshot" library="Common_keywords">
<arg>BetLion_Virtual League V-La Liga Teams Visible on page.png</arg>
<kw name="Set Screenshot Directory" library="SeleniumLibrary">
<arg>${Path}</arg>
<doc>Sets the directory for captured screenshots.</doc>
<status status="PASS" starttime="20210827 15:08:58.718" endtime="20210827 15:08:58.719"/>
</kw>
<kw name="Capture Page Screenshot" library="SeleniumLibrary">
<arg>${filename}.${TYPE OF FILE}</arg>
<doc>Takes a screenshot of the current page and embeds it into a log file.</doc>
<msg timestamp="20210827 15:08:59.060" level="INFO" html="true">&lt;/td&gt;&lt;/tr&gt;&lt;tr&gt;&lt;td colspan="3"&gt;&lt;a href="Screenshots/IG_VirtualLeague/2021-08-27%2015-08-37/BetLion_Virtual%20League%20V-La%20Liga%20Teams%20Visible%20on%20page.png.png"&gt;&lt;img src="Screenshots/IG_VirtualLeague/2021-08-27%2015-08-37/BetLion_Virtual%20League%20V-La%20Liga%20Teams%20Visible%20on%20page.png.png" width="800px"&gt;&lt;/a&gt;</msg>
<status status="PASS" starttime="20210827 15:08:58.719" endtime="20210827 15:08:59.060"/>
</kw>
<kw name="Log To Console" library="BuiltIn">
<arg>${\n}Screenshot</arg>
<doc>Logs the given message to the console.</doc>
<status status="PASS" starttime="20210827 15:08:59.060" endtime="20210827 15:08:59.061"/>
</kw>
<status status="PASS" starttime="20210827 15:08:58.717" endtime="20210827 15:08:59.062"/>
</kw>
<kw name="Click Element" library="SeleniumLibrary">
<arg>${VLeagueCompSelectorDD}</arg>
<doc>Click the element identified by ``locator``.</doc>
<msg timestamp="20210827 15:08:59.062" level="INFO">Clicking element 'xpath://div[@class='competition-selector__select']'.</msg>
<status status="PASS" starttime="20210827 15:08:59.062" endtime="20210827 15:08:59.128"/>
</kw>
<kw name="Page Should Contain Element" library="SeleniumLibrary">
<arg>${VLeagueCompVLaLigaSelected}</arg>
<doc>Verifies that element ``locator`` is found on the current page.</doc>
<msg timestamp="20210827 15:08:59.144" level="INFO">Current page contains element 'xpath://div[@class='competition-selector__options-wrapper competition-selector__options-wrapper--active']//div[@class='competition-selector__option competition-selector__option--selected'][text()='V-La Liga']'.</msg>
<status status="PASS" starttime="20210827 15:08:59.128" endtime="20210827 15:08:59.144"/>
</kw>
<kw name="Sleep" library="BuiltIn">
<arg>1</arg>
<doc>Pauses the test executed for the given time.</doc>
<msg timestamp="20210827 15:09:00.154" level="INFO">Slept 1 second</msg>
<status status="PASS" starttime="20210827 15:08:59.144" endtime="20210827 15:09:00.155"/>
</kw>
<kw name="Wait Until Element Is Visible" library="SeleniumLibrary">
<arg>${VLeagueCompVAfricanNations}</arg>
<arg>10 seconds</arg>
<doc>Waits until the element ``locator`` is visible.</doc>
<status status="PASS" starttime="20210827 15:09:00.155" endtime="20210827 15:09:00.188"/>
</kw>
<kw name="Click Element" library="SeleniumLibrary">
<arg>${VLeagueCompVAfricanNations}</arg>
<doc>Click the element identified by ``locator``.</doc>
<msg timestamp="20210827 15:09:00.190" level="INFO">Clicking element 'xpath://div[@class='competition-selector__options-wrapper competition-selector__options-wrapper--active']/div[text()='V-African Nations']'.</msg>
<status status="PASS" starttime="20210827 15:09:00.189" endtime="20210827 15:09:00.286"/>
</kw>
<kw name="Sleep" library="BuiltIn">
<arg>1</arg>
<doc>Pauses the test executed for the given time.</doc>
<msg timestamp="20210827 15:09:01.294" level="INFO">Slept 1 second</msg>
<status status="PASS" starttime="20210827 15:09:00.287" endtime="20210827 15:09:01.294"/>
</kw>
<kw name="Wait Until Element Is Visible" library="SeleniumLibrary">
<arg>${VLeagueCompVAfricanNationsSouthAfrica}</arg>
<arg>10 seconds</arg>
<doc>Waits until the element ``locator`` is visible.</doc>
<status status="PASS" starttime="20210827 15:09:01.294" endtime="20210827 15:09:01.326"/>
</kw>
<kw name="Page Should Contain Element" library="SeleniumLibrary">
<arg>${VLeagueCompVAfricanNationsSouthAfrica}</arg>
<doc>Verifies that element ``locator`` is found on the current page.</doc>
<msg timestamp="20210827 15:09:01.337" level="INFO">Current page contains element 'xpath://div[@class='match-table']//span[text()='South Africa']'.</msg>
<status status="PASS" starttime="20210827 15:09:01.327" endtime="20210827 15:09:01.337"/>
</kw>
<kw name="Page Should Contain Element" library="SeleniumLibrary">
<arg>${VLeagueCompVAfricanNationsCameroon}</arg>
<doc>Verifies that element ``locator`` is found on the current page.</doc>
<msg timestamp="20210827 15:09:01.350" level="INFO">Current page contains element 'xpath://div[@class='match-table']//span[text()='Cameroon']'.</msg>
<status status="PASS" starttime="20210827 15:09:01.337" endtime="20210827 15:09:01.350"/>
</kw>
<kw name="Screenshot" library="Common_keywords">
<arg>BetLion_Virtual League V-African Nations Teams Visible on page.png</arg>
<kw name="Set Screenshot Directory" library="SeleniumLibrary">
<arg>${Path}</arg>
<doc>Sets the directory for captured screenshots.</doc>
<status status="PASS" starttime="20210827 15:09:01.351" endtime="20210827 15:09:01.351"/>
</kw>
<kw name="Capture Page Screenshot" library="SeleniumLibrary">
<arg>${filename}.${TYPE OF FILE}</arg>
<doc>Takes a screenshot of the current page and embeds it into a log file.</doc>
<msg timestamp="20210827 15:09:01.697" level="INFO" html="true">&lt;/td&gt;&lt;/tr&gt;&lt;tr&gt;&lt;td colspan="3"&gt;&lt;a href="Screenshots/IG_VirtualLeague/2021-08-27%2015-08-37/BetLion_Virtual%20League%20V-African%20Nations%20Teams%20Visible%20on%20page.png.png"&gt;&lt;img src="Screenshots/IG_VirtualLeague/2021-08-27%2015-08-37/BetLion_Virtual%20League%20V-African%20Nations%20Teams%20Visible%20on%20page.png.png" width="800px"&gt;&lt;/a&gt;</msg>
<status status="PASS" starttime="20210827 15:09:01.352" endtime="20210827 15:09:01.697"/>
</kw>
<kw name="Log To Console" library="BuiltIn">
<arg>${\n}Screenshot</arg>
<doc>Logs the given message to the console.</doc>
<status status="PASS" starttime="20210827 15:09:01.697" endtime="20210827 15:09:01.698"/>
</kw>
<status status="PASS" starttime="20210827 15:09:01.350" endtime="20210827 15:09:01.698"/>
</kw>
<kw name="Click Element" library="SeleniumLibrary">
<arg>${VLeagueCompSelectorDD}</arg>
<doc>Click the element identified by ``locator``.</doc>
<msg timestamp="20210827 15:09:01.699" level="INFO">Clicking element 'xpath://div[@class='competition-selector__select']'.</msg>
<status status="PASS" starttime="20210827 15:09:01.699" endtime="20210827 15:09:01.761"/>
</kw>
<kw name="Page Should Contain Element" library="SeleniumLibrary">
<arg>${VLeagueCompVAfricanNationsSelected}</arg>
<doc>Verifies that element ``locator`` is found on the current page.</doc>
<msg timestamp="20210827 15:09:01.773" level="INFO">Current page contains element 'xpath://div[@class='competition-selector__options-wrapper competition-selector__options-wrapper--active']//div[@class='competition-selector__option competition-selector__option--selected'][text()='V-African Nations']'.</msg>
<status status="PASS" starttime="20210827 15:09:01.761" endtime="20210827 15:09:01.773"/>
</kw>
<kw name="Sleep" library="BuiltIn">
<arg>1</arg>
<doc>Pauses the test executed for the given time.</doc>
<msg timestamp="20210827 15:09:02.783" level="INFO">Slept 1 second</msg>
<status status="PASS" starttime="20210827 15:09:01.773" endtime="20210827 15:09:02.784"/>
</kw>
<kw name="Wait Until Element Is Visible" library="SeleniumLibrary">
<arg>${VLeagueCompVWorldLeague}</arg>
<arg>10 seconds</arg>
<doc>Waits until the element ``locator`` is visible.</doc>
<status status="PASS" starttime="20210827 15:09:02.784" endtime="20210827 15:09:02.813"/>
</kw>
<kw name="Click Element" library="SeleniumLibrary">
<arg>${VLeagueCompVWorldLeague}</arg>
<doc>Click the element identified by ``locator``.</doc>
<msg timestamp="20210827 15:09:02.814" level="INFO">Clicking element 'xpath://div[@class='competition-selector__options-wrapper competition-selector__options-wrapper--active']/div[text()='V-World League']'.</msg>
<status status="PASS" starttime="20210827 15:09:02.814" endtime="20210827 15:09:02.911"/>
</kw>
<kw name="Sleep" library="BuiltIn">
<arg>1</arg>
<doc>Pauses the test executed for the given time.</doc>
<msg timestamp="20210827 15:09:03.917" level="INFO">Slept 1 second</msg>
<status status="PASS" starttime="20210827 15:09:02.912" endtime="20210827 15:09:03.918"/>
</kw>
<kw name="Wait Until Element Is Visible" library="SeleniumLibrary">
<arg>${VLeagueCompVWorldLeagueEngland}</arg>
<arg>10 seconds</arg>
<doc>Waits until the element ``locator`` is visible.</doc>
<status status="PASS" starttime="20210827 15:09:03.918" endtime="20210827 15:09:03.949"/>
</kw>
<kw name="Page Should Contain Element" library="SeleniumLibrary">
<arg>${VLeagueCompVWorldLeagueEngland}</arg>
<doc>Verifies that element ``locator`` is found on the current page.</doc>
<msg timestamp="20210827 15:09:03.960" level="INFO">Current page contains element 'xpath://div[@class='match-table']//span[text()='England']'.</msg>
<status status="PASS" starttime="20210827 15:09:03.949" endtime="20210827 15:09:03.960"/>
</kw>
<kw name="Page Should Contain Element" library="SeleniumLibrary">
<arg>${VLeagueCompVWorldLeagueBelgium}</arg>
<doc>Verifies that element ``locator`` is found on the current page.</doc>
<msg timestamp="20210827 15:09:03.972" level="INFO">Current page contains element 'xpath://div[@class='match-table']//span[text()='Belgium']'.</msg>
<status status="PASS" starttime="20210827 15:09:03.960" endtime="20210827 15:09:03.972"/>
</kw>
<kw name="Screenshot" library="Common_keywords">
<arg>BetLion_Virtual League V-World League Teams Visible on page.png</arg>
<kw name="Set Screenshot Directory" library="SeleniumLibrary">
<arg>${Path}</arg>
<doc>Sets the directory for captured screenshots.</doc>
<status status="PASS" starttime="20210827 15:09:03.974" endtime="20210827 15:09:03.974"/>
</kw>
<kw name="Capture Page Screenshot" library="SeleniumLibrary">
<arg>${filename}.${TYPE OF FILE}</arg>
<doc>Takes a screenshot of the current page and embeds it into a log file.</doc>
<msg timestamp="20210827 15:09:04.299" level="INFO" html="true">&lt;/td&gt;&lt;/tr&gt;&lt;tr&gt;&lt;td colspan="3"&gt;&lt;a href="Screenshots/IG_VirtualLeague/2021-08-27%2015-08-37/BetLion_Virtual%20League%20V-World%20League%20Teams%20Visible%20on%20page.png.png"&gt;&lt;img src="Screenshots/IG_VirtualLeague/2021-08-27%2015-08-37/BetLion_Virtual%20League%20V-World%20League%20Teams%20Visible%20on%20page.png.png" width="800px"&gt;&lt;/a&gt;</msg>
<status status="PASS" starttime="20210827 15:09:03.975" endtime="20210827 15:09:04.300"/>
</kw>
<kw name="Log To Console" library="BuiltIn">
<arg>${\n}Screenshot</arg>
<doc>Logs the given message to the console.</doc>
<status status="PASS" starttime="20210827 15:09:04.300" endtime="20210827 15:09:04.301"/>
</kw>
<status status="PASS" starttime="20210827 15:09:03.973" endtime="20210827 15:09:04.301"/>
</kw>
<status status="PASS" starttime="20210827 15:08:54.487" endtime="20210827 15:09:04.301"/>
</kw>
<kw name="Click Element" library="SeleniumLibrary">
<arg>${VLeagueCompSelectorDD}</arg>
<doc>Click the element identified by ``locator``.</doc>
<msg timestamp="20210827 15:09:04.302" level="INFO">Clicking element 'xpath://div[@class='competition-selector__select']'.</msg>
<status status="PASS" starttime="20210827 15:09:04.301" endtime="20210827 15:09:04.369"/>
</kw>
<kw name="Sleep" library="BuiltIn">
<arg>1</arg>
<doc>Pauses the test executed for the given time.</doc>
<msg timestamp="20210827 15:09:05.379" level="INFO">Slept 1 second</msg>
<status status="PASS" starttime="20210827 15:09:04.369" endtime="20210827 15:09:05.379"/>
</kw>
<kw name="Wait Until Element Is Visible" library="SeleniumLibrary">
<arg>${VLeagueCompVEPL}</arg>
<arg>10 seconds</arg>
<doc>Waits until the element ``locator`` is visible.</doc>
<status status="PASS" starttime="20210827 15:09:05.379" endtime="20210827 15:09:05.409"/>
</kw>
<kw name="Click Element" library="SeleniumLibrary">
<arg>${VLeagueCompVEPL}</arg>
<doc>Click the element identified by ``locator``.</doc>
<msg timestamp="20210827 15:09:05.410" level="INFO">Clicking element 'xpath://div[@class='competition-selector__options-wrapper competition-selector__options-wrapper--active']/div[text()='V-EPL']'.</msg>
<status status="PASS" starttime="20210827 15:09:05.409" endtime="20210827 15:09:05.485"/>
</kw>
<kw name="Sleep" library="BuiltIn">
<arg>1</arg>
<doc>Pauses the test executed for the given time.</doc>
<msg timestamp="20210827 15:09:06.493" level="INFO">Slept 1 second</msg>
<status status="PASS" starttime="20210827 15:09:05.485" endtime="20210827 15:09:06.493"/>
</kw>
<kw name="Click Element" library="SeleniumLibrary">
<arg>${VLeagueMatchesTab}</arg>
<doc>Click the element identified by ``locator``.</doc>
<msg timestamp="20210827 15:09:06.494" level="INFO">Clicking element 'xpath://li[@class='menu__item']//a[@class='active'][text()='Matches']'.</msg>
<status status="PASS" starttime="20210827 15:09:06.493" endtime="20210827 15:09:06.582"/>
</kw>
<kw name="Element Should Be Enabled" library="SeleniumLibrary">
<arg>${VLeagueMatchesTab}</arg>
<doc>Verifies that element identified by ``locator`` is enabled.</doc>
<status status="PASS" starttime="20210827 15:09:06.582" endtime="20210827 15:09:06.607"/>
</kw>
<kw name="Element Should Be Visible" library="SeleniumLibrary">
<arg>${VLeagueBetslipInactive}</arg>
<doc>Verifies that the element identified by ``locator`` is visible.</doc>
<msg timestamp="20210827 15:09:06.631" level="INFO">Element 'xpath://div[@class='menu__item-betslip menu__item-betslip--inactive']' is displayed.</msg>
<status status="PASS" starttime="20210827 15:09:06.607" endtime="20210827 15:09:06.632"/>
</kw>
<kw name="Element Should Be Visible" library="SeleniumLibrary">
<arg>${VLeagueBonusProgress0}</arg>
<doc>Verifies that the element identified by ``locator`` is visible.</doc>
<msg timestamp="20210827 15:09:06.661" level="INFO">Element 'xpath://div[@class='bonus-bar__progress-wrapper--bonus-progress']//div[@class][1][text()='1']' is displayed.</msg>
<status status="PASS" starttime="20210827 15:09:06.632" endtime="20210827 15:09:06.661"/>
</kw>
<kw name="Element Should Be Visible" library="SeleniumLibrary">
<arg>${VLeagueBonus%_0}</arg>
<doc>Verifies that the element identified by ``locator`` is visible.</doc>
<msg timestamp="20210827 15:09:06.685" level="INFO">Element 'xpath://div[@class='bonus-bar__current-multiplier--0']' is displayed.</msg>
<status status="PASS" starttime="20210827 15:09:06.661" endtime="20210827 15:09:06.685"/>
</kw>
<kw name="Wait Until Element Is Visible" library="SeleniumLibrary">
<arg>${VLeagueMatchBet1Inactive_1}</arg>
<arg>10 seconds</arg>
<doc>Waits until the element ``locator`` is visible.</doc>
<status status="PASS" starttime="20210827 15:09:06.685" endtime="20210827 15:09:06.713"/>
</kw>
<kw name="Mouse Over" library="SeleniumLibrary">
<arg>${VLeagueMatchBet1Inactive_1}</arg>
<doc>Simulates hovering the mouse over the element ``locator``.</doc>
<msg timestamp="20210827 15:09:06.714" level="INFO">Simulating Mouse Over on element 'xpath:(//div[@class='match-table']//div[@class='match-table__row'])[1]//div[@class='match-table__col-wrapper'][1]//div[@class='match-table__selection-name'][text()='1']'.</msg>
<status status="PASS" starttime="20210827 15:09:06.713" endtime="20210827 15:09:07.025"/>
</kw>
<kw name="Click Element" library="SeleniumLibrary">
<arg>${VLeagueMatchBet1Inactive_1}</arg>
<doc>Click the element identified by ``locator``.</doc>
<msg timestamp="20210827 15:09:07.027" level="INFO">Clicking element 'xpath:(//div[@class='match-table']//div[@class='match-table__row'])[1]//div[@class='match-table__col-wrapper'][1]//div[@class='match-table__selection-name'][text()='1']'.</msg>
<status status="PASS" starttime="20210827 15:09:07.026" endtime="20210827 15:09:07.116"/>
</kw>
<kw name="Element Should Be Visible" library="SeleniumLibrary">
<arg>${VLeagueBetslipActive1}</arg>
<doc>Verifies that the element identified by ``locator`` is visible.</doc>
<msg timestamp="20210827 15:09:07.318" level="INFO">Element 'xpath://div[@class='menu__item-betslip ']/a/div[@class='menu__item--total-bets menu__item--there-are-bets'][text()='1']' is displayed.</msg>
<status status="PASS" starttime="20210827 15:09:07.116" endtime="20210827 15:09:07.318"/>
</kw>
<kw name="Element Should Be Visible" library="SeleniumLibrary">
<arg>${VLeagueBonusProgress1}</arg>
<doc>Verifies that the element identified by ``locator`` is visible.</doc>
<msg timestamp="20210827 15:09:07.349" level="INFO">Element 'xpath://div[@class='bonus-bar__progress-wrapper--bonus-progress']//div[@class='bonus-bar__progress-wrapper--bonus-progress__1']' is displayed.</msg>
<status status="PASS" starttime="20210827 15:09:07.318" endtime="20210827 15:09:07.350"/>
</kw>
<kw name="Element Should Be Visible" library="SeleniumLibrary">
<arg>${VLeagueBonus%_1}</arg>
<doc>Verifies that the element identified by ``locator`` is visible.</doc>
<msg timestamp="20210827 15:09:07.378" level="INFO">Element 'xpath://div[@class='bonus-bar__current-multiplier--1']' is displayed.</msg>
<status status="PASS" starttime="20210827 15:09:07.350" endtime="20210827 15:09:07.378"/>
</kw>
<kw name="Element Text Should Be" library="SeleniumLibrary">
<arg>${VLeagueSelected}</arg>
<arg>1</arg>
<doc>Verifies that element ``locator`` contains exact the text ``expected``.</doc>
<msg timestamp="20210827 15:09:07.378" level="INFO">Verifying element 'xpath://div[@class='bonus-bar']//span' contains exact text '1'.</msg>
<status status="PASS" starttime="20210827 15:09:07.378" endtime="20210827 15:09:07.400"/>
</kw>
<kw name="Screenshot" library="Common_keywords">
<arg>BetLion_VLeague 1 Fixture Bet Selected.png</arg>
<kw name="Set Screenshot Directory" library="SeleniumLibrary">
<arg>${Path}</arg>
<doc>Sets the directory for captured screenshots.</doc>
<status status="PASS" starttime="20210827 15:09:07.401" endtime="20210827 15:09:07.401"/>
</kw>
<kw name="Capture Page Screenshot" library="SeleniumLibrary">
<arg>${filename}.${TYPE OF FILE}</arg>
<doc>Takes a screenshot of the current page and embeds it into a log file.</doc>
<msg timestamp="20210827 15:09:07.643" level="INFO" html="true">&lt;/td&gt;&lt;/tr&gt;&lt;tr&gt;&lt;td colspan="3"&gt;&lt;a href="Screenshots/IG_VirtualLeague/2021-08-27%2015-08-37/BetLion_VLeague%201%20Fixture%20Bet%20Selected.png.png"&gt;&lt;img src="Screenshots/IG_VirtualLeague/2021-08-27%2015-08-37/BetLion_VLeague%201%20Fixture%20Bet%20Selected.png.png" width="800px"&gt;&lt;/a&gt;</msg>
<status status="PASS" starttime="20210827 15:09:07.401" endtime="20210827 15:09:07.643"/>
</kw>
<kw name="Log To Console" library="BuiltIn">
<arg>${\n}Screenshot</arg>
<doc>Logs the given message to the console.</doc>
<status status="PASS" starttime="20210827 15:09:07.643" endtime="20210827 15:09:07.644"/>
</kw>
<status status="PASS" starttime="20210827 15:09:07.400" endtime="20210827 15:09:07.644"/>
</kw>
<kw name="Wait Until Element Is Visible" library="SeleniumLibrary">
<arg>${VLeagueMatchBet2Inactive_X}</arg>
<arg>10 seconds</arg>
<doc>Waits until the element ``locator`` is visible.</doc>
<status status="PASS" starttime="20210827 15:09:07.645" endtime="20210827 15:09:07.671"/>
</kw>
<kw name="Mouse Over" library="SeleniumLibrary">
<arg>${VLeagueMatchBet2Inactive_X}</arg>
<doc>Simulates hovering the mouse over the element ``locator``.</doc>
<msg timestamp="20210827 15:09:07.673" level="INFO">Simulating Mouse Over on element 'xpath:(//div[@class='match-table']//div[@class='match-table__row'])[2]//div[@class='match-table__col-wrapper'][1]//div[@class='match-table__selection-name'][text()='X']'.</msg>
<status status="PASS" starttime="20210827 15:09:07.672" endtime="20210827 15:09:07.986"/>
</kw>
<kw name="Click Element" library="SeleniumLibrary">
<arg>${VLeagueMatchBet2Inactive_X}</arg>
<doc>Click the element identified by ``locator``.</doc>
<msg timestamp="20210827 15:09:07.987" level="INFO">Clicking element 'xpath:(//div[@class='match-table']//div[@class='match-table__row'])[2]//div[@class='match-table__col-wrapper'][1]//div[@class='match-table__selection-name'][text()='X']'.</msg>
<status status="PASS" starttime="20210827 15:09:07.986" endtime="20210827 15:09:08.068"/>
</kw>
<kw name="Element Should Be Visible" library="SeleniumLibrary">
<arg>${VLeagueBetslipActive2}</arg>
<doc>Verifies that the element identified by ``locator`` is visible.</doc>
<msg timestamp="20210827 15:09:08.280" level="INFO">Element 'xpath://div[@class='menu__item-betslip ']/a/div[@class='menu__item--total-bets menu__item--there-are-bets'][text()='2']' is displayed.</msg>
<status status="PASS" starttime="20210827 15:09:08.068" endtime="20210827 15:09:08.281"/>
</kw>
<kw name="Element Should Be Visible" library="SeleniumLibrary">
<arg>${VLeagueBonusProgress2}</arg>
<doc>Verifies that the element identified by ``locator`` is visible.</doc>
<msg timestamp="20210827 15:09:08.312" level="INFO">Element 'xpath://div[@class='bonus-bar__progress-wrapper--bonus-progress']//div[@class='bonus-bar__progress-wrapper--bonus-progress__2']' is displayed.</msg>
<status status="PASS" starttime="20210827 15:09:08.281" endtime="20210827 15:09:08.312"/>
</kw>
<kw name="Element Should Be Visible" library="SeleniumLibrary">
<arg>${VLeagueBonus%_2}</arg>
<doc>Verifies that the element identified by ``locator`` is visible.</doc>
<msg timestamp="20210827 15:09:08.334" level="INFO">Element 'xpath://div[@class='bonus-bar__current-multiplier--2']' is displayed.</msg>
<status status="PASS" starttime="20210827 15:09:08.312" endtime="20210827 15:09:08.334"/>
</kw>
<kw name="Element Text Should Be" library="SeleniumLibrary">
<arg>${VLeagueSelected}</arg>
<arg>2</arg>
<doc>Verifies that element ``locator`` contains exact the text ``expected``.</doc>
<msg timestamp="20210827 15:09:08.335" level="INFO">Verifying element 'xpath://div[@class='bonus-bar']//span' contains exact text '2'.</msg>
<status status="PASS" starttime="20210827 15:09:08.334" endtime="20210827 15:09:08.354"/>
</kw>
<kw name="Screenshot" library="Common_keywords">
<arg>BetLion_VLeague 2 Fixture Bet Selected.png</arg>
<kw name="Set Screenshot Directory" library="SeleniumLibrary">
<arg>${Path}</arg>
<doc>Sets the directory for captured screenshots.</doc>
<status status="PASS" starttime="20210827 15:09:08.355" endtime="20210827 15:09:08.356"/>
</kw>
<kw name="Capture Page Screenshot" library="SeleniumLibrary">
<arg>${filename}.${TYPE OF FILE}</arg>
<doc>Takes a screenshot of the current page and embeds it into a log file.</doc>
<msg timestamp="20210827 15:09:08.537" level="INFO" html="true">&lt;/td&gt;&lt;/tr&gt;&lt;tr&gt;&lt;td colspan="3"&gt;&lt;a href="Screenshots/IG_VirtualLeague/2021-08-27%2015-08-37/BetLion_VLeague%202%20Fixture%20Bet%20Selected.png.png"&gt;&lt;img src="Screenshots/IG_VirtualLeague/2021-08-27%2015-08-37/BetLion_VLeague%202%20Fixture%20Bet%20Selected.png.png" width="800px"&gt;&lt;/a&gt;</msg>
<status status="PASS" starttime="20210827 15:09:08.356" endtime="20210827 15:09:08.537"/>
</kw>
<kw name="Log To Console" library="BuiltIn">
<arg>${\n}Screenshot</arg>
<doc>Logs the given message to the console.</doc>
<status status="PASS" starttime="20210827 15:09:08.537" endtime="20210827 15:09:08.538"/>
</kw>
<status status="PASS" starttime="20210827 15:09:08.354" endtime="20210827 15:09:08.538"/>
</kw>
<kw name="Wait Until Element Is Visible" library="SeleniumLibrary">
<arg>${VLeagueMatchBet3Inactive_2}</arg>
<arg>10 seconds</arg>
<doc>Waits until the element ``locator`` is visible.</doc>
<status status="PASS" starttime="20210827 15:09:08.538" endtime="20210827 15:09:08.564"/>
</kw>
<kw name="Mouse Over" library="SeleniumLibrary">
<arg>${VLeagueMatchBet3Inactive_2}</arg>
<doc>Simulates hovering the mouse over the element ``locator``.</doc>
<msg timestamp="20210827 15:09:08.565" level="INFO">Simulating Mouse Over on element 'xpath:(//div[@class='match-table']//div[@class='match-table__row'])[3]//div[@class='match-table__col-wrapper'][1]//div[@class='match-table__selection-name'][text()='2']'.</msg>
<status status="PASS" starttime="20210827 15:09:08.564" endtime="20210827 15:09:08.869"/>
</kw>
<kw name="Click Element" library="SeleniumLibrary">
<arg>${VLeagueMatchBet3Inactive_2}</arg>
<doc>Click the element identified by ``locator``.</doc>
<msg timestamp="20210827 15:09:08.870" level="INFO">Clicking element 'xpath:(//div[@class='match-table']//div[@class='match-table__row'])[3]//div[@class='match-table__col-wrapper'][1]//div[@class='match-table__selection-name'][text()='2']'.</msg>
<status status="PASS" starttime="20210827 15:09:08.869" endtime="20210827 15:09:08.951"/>
</kw>
<kw name="Element Should Be Visible" library="SeleniumLibrary">
<arg>${VLeagueBetslipActive3}</arg>
<doc>Verifies that the element identified by ``locator`` is visible.</doc>
<msg timestamp="20210827 15:09:09.163" level="INFO">Element 'xpath://div[@class='menu__item-betslip ']/a/div[@class='menu__item--total-bets menu__item--there-are-bets'][text()='3']' is displayed.</msg>
<status status="PASS" starttime="20210827 15:09:08.952" endtime="20210827 15:09:09.163"/>
</kw>
<kw name="Element Should Be Visible" library="SeleniumLibrary">
<arg>${VLeagueBonusProgress3}</arg>
<doc>Verifies that the element identified by ``locator`` is visible.</doc>
<msg timestamp="20210827 15:09:09.187" level="INFO">Element 'xpath://div[@class='bonus-bar__progress-wrapper--bonus-progress']//div[@class='bonus-bar__progress-wrapper--bonus-progress__3']' is displayed.</msg>
<status status="PASS" starttime="20210827 15:09:09.163" endtime="20210827 15:09:09.187"/>
</kw>
<kw name="Element Should Be Visible" library="SeleniumLibrary">
<arg>${VLeagueBonus%_3}</arg>
<doc>Verifies that the element identified by ``locator`` is visible.</doc>
<msg timestamp="20210827 15:09:09.212" level="INFO">Element 'xpath://div[@class='bonus-bar__current-multiplier--3']' is displayed.</msg>
<status status="PASS" starttime="20210827 15:09:09.187" endtime="20210827 15:09:09.212"/>
</kw>
<kw name="Element Text Should Be" library="SeleniumLibrary">
<arg>${VLeagueSelected}</arg>
<arg>3</arg>
<doc>Verifies that element ``locator`` contains exact the text ``expected``.</doc>
<msg timestamp="20210827 15:09:09.213" level="INFO">Verifying element 'xpath://div[@class='bonus-bar']//span' contains exact text '3'.</msg>
<status status="PASS" starttime="20210827 15:09:09.213" endtime="20210827 15:09:09.230"/>
</kw>
<kw name="Wait Until Element Is Visible" library="SeleniumLibrary">
<arg>${VLeagueMatchBet4Inactive_X}</arg>
<arg>10 seconds</arg>
<doc>Waits until the element ``locator`` is visible.</doc>
<status status="PASS" starttime="20210827 15:09:09.230" endtime="20210827 15:09:09.256"/>
</kw>
<kw name="Mouse Over" library="SeleniumLibrary">
<arg>${VLeagueMatchBet4Inactive_X}</arg>
<doc>Simulates hovering the mouse over the element ``locator``.</doc>
<msg timestamp="20210827 15:09:09.257" level="INFO">Simulating Mouse Over on element 'xpath:(//div[@class='match-table']//div[@class='match-table__row'])[4]//div[@class='match-table__col-wrapper'][1]//div[@class='match-table__selection-name'][text()='X']'.</msg>
<status status="PASS" starttime="20210827 15:09:09.256" endtime="20210827 15:09:09.569"/>
</kw>
<kw name="Click Element" library="SeleniumLibrary">
<arg>${VLeagueMatchBet4Inactive_X}</arg>
<doc>Click the element identified by ``locator``.</doc>
<msg timestamp="20210827 15:09:09.570" level="INFO">Clicking element 'xpath:(//div[@class='match-table']//div[@class='match-table__row'])[4]//div[@class='match-table__col-wrapper'][1]//div[@class='match-table__selection-name'][text()='X']'.</msg>
<status status="PASS" starttime="20210827 15:09:09.570" endtime="20210827 15:09:09.667"/>
</kw>
<kw name="Element Should Be Visible" library="SeleniumLibrary">
<arg>${VLeagueBetslipActive4}</arg>
<doc>Verifies that the element identified by ``locator`` is visible.</doc>
<msg timestamp="20210827 15:09:09.885" level="INFO">Element 'xpath://div[@class='menu__item-betslip ']/a/div[@class='menu__item--total-bets menu__item--there-are-bets'][text()='4']' is displayed.</msg>
<status status="PASS" starttime="20210827 15:09:09.667" endtime="20210827 15:09:09.885"/>
</kw>
<kw name="Element Should Be Visible" library="SeleniumLibrary">
<arg>${VLeagueBonusProgress4}</arg>
<doc>Verifies that the element identified by ``locator`` is visible.</doc>
<msg timestamp="20210827 15:09:09.915" level="INFO">Element 'xpath://div[@class='bonus-bar__progress-wrapper--bonus-progress']//div[@class='bonus-bar__progress-wrapper--bonus-progress__4']' is displayed.</msg>
<status status="PASS" starttime="20210827 15:09:09.886" endtime="20210827 15:09:09.915"/>
</kw>
<kw name="Element Should Be Visible" library="SeleniumLibrary">
<arg>${VLeagueBonus%_4}</arg>
<doc>Verifies that the element identified by ``locator`` is visible.</doc>
<msg timestamp="20210827 15:09:09.941" level="INFO">Element 'xpath://div[@class='bonus-bar__current-multiplier--4']' is displayed.</msg>
<status status="PASS" starttime="20210827 15:09:09.915" endtime="20210827 15:09:09.942"/>
</kw>
<kw name="Element Text Should Be" library="SeleniumLibrary">
<arg>${VLeagueSelected}</arg>
<arg>4</arg>
<doc>Verifies that element ``locator`` contains exact the text ``expected``.</doc>
<msg timestamp="20210827 15:09:09.943" level="INFO">Verifying element 'xpath://div[@class='bonus-bar']//span' contains exact text '4'.</msg>
<status status="PASS" starttime="20210827 15:09:09.942" endtime="20210827 15:09:09.960"/>
</kw>
<kw name="Wait Until Element Is Visible" library="SeleniumLibrary">
<arg>${VLeagueMatchBet5Inactive_1}</arg>
<arg>10 seconds</arg>
<doc>Waits until the element ``locator`` is visible.</doc>
<status status="PASS" starttime="20210827 15:09:09.961" endtime="20210827 15:09:09.984"/>
</kw>
<kw name="Mouse Over" library="SeleniumLibrary">
<arg>${VLeagueMatchBet5Inactive_1}</arg>
<doc>Simulates hovering the mouse over the element ``locator``.</doc>
<msg timestamp="20210827 15:09:09.985" level="INFO">Simulating Mouse Over on element 'xpath:(//div[@class='match-table']//div[@class='match-table__row'])[5]//div[@class='match-table__col-wrapper'][1]//div[@class='match-table__selection-name'][text()='1']'.</msg>
<status status="PASS" starttime="20210827 15:09:09.984" endtime="20210827 15:09:10.282"/>
</kw>
<kw name="Click Element" library="SeleniumLibrary">
<arg>${VLeagueMatchBet5Inactive_1}</arg>
<doc>Click the element identified by ``locator``.</doc>
<msg timestamp="20210827 15:09:10.283" level="INFO">Clicking element 'xpath:(//div[@class='match-table']//div[@class='match-table__row'])[5]//div[@class='match-table__col-wrapper'][1]//div[@class='match-table__selection-name'][text()='1']'.</msg>
<status status="PASS" starttime="20210827 15:09:10.283" endtime="20210827 15:09:10.365"/>
</kw>
<kw name="Element Should Be Visible" library="SeleniumLibrary">
<arg>${VLeagueBetslipActive5}</arg>
<doc>Verifies that the element identified by ``locator`` is visible.</doc>
<msg timestamp="20210827 15:09:10.583" level="INFO">Element 'xpath://div[@class='menu__item-betslip ']/a/div[@class='menu__item--total-bets menu__item--there-are-bets'][text()='5']' is displayed.</msg>
<status status="PASS" starttime="20210827 15:09:10.367" endtime="20210827 15:09:10.583"/>
</kw>
<kw name="Element Should Be Visible" library="SeleniumLibrary">
<arg>${VLeagueBonusProgress5}</arg>
<doc>Verifies that the element identified by ``locator`` is visible.</doc>
<msg timestamp="20210827 15:09:10.619" level="INFO">Element 'xpath://div[@class='bonus-bar__progress-wrapper--bonus-progress']//div[@class='bonus-bar__progress-wrapper--bonus-progress__5']' is displayed.</msg>
<status status="PASS" starttime="20210827 15:09:10.584" endtime="20210827 15:09:10.619"/>
</kw>
<kw name="Element Should Be Visible" library="SeleniumLibrary">
<arg>${VLeagueBonus%_5}</arg>
<doc>Verifies that the element identified by ``locator`` is visible.</doc>
<msg timestamp="20210827 15:09:10.653" level="INFO">Element 'xpath://div[@class='bonus-bar__current-multiplier--5']' is displayed.</msg>
<status status="PASS" starttime="20210827 15:09:10.619" endtime="20210827 15:09:10.653"/>
</kw>
<kw name="Element Text Should Be" library="SeleniumLibrary">
<arg>${VLeagueSelected}</arg>
<arg>5</arg>
<doc>Verifies that element ``locator`` contains exact the text ``expected``.</doc>
<msg timestamp="20210827 15:09:10.654" level="INFO">Verifying element 'xpath://div[@class='bonus-bar']//span' contains exact text '5'.</msg>
<status status="PASS" starttime="20210827 15:09:10.654" endtime="20210827 15:09:10.678"/>
</kw>
<kw name="Wait Until Element Is Visible" library="SeleniumLibrary">
<arg>${VLeagueMatchBet6Inactive_X}</arg>
<arg>10 seconds</arg>
<doc>Waits until the element ``locator`` is visible.</doc>
<status status="PASS" starttime="20210827 15:09:10.679" endtime="20210827 15:09:10.714"/>
</kw>
<kw name="Mouse Over" library="SeleniumLibrary">
<arg>${VLeagueMatchBet6Inactive_X}</arg>
<doc>Simulates hovering the mouse over the element ``locator``.</doc>
<msg timestamp="20210827 15:09:10.715" level="INFO">Simulating Mouse Over on element 'xpath:(//div[@class='match-table']//div[@class='match-table__row'])[6]//div[@class='match-table__col-wrapper'][1]//div[@class='match-table__selection-name'][text()='X']'.</msg>
<status status="PASS" starttime="20210827 15:09:10.714" endtime="20210827 15:09:11.028"/>
</kw>
<kw name="Click Element" library="SeleniumLibrary">
<arg>${VLeagueMatchBet6Inactive_X}</arg>
<doc>Click the element identified by ``locator``.</doc>
<msg timestamp="20210827 15:09:11.030" level="INFO">Clicking element 'xpath:(//div[@class='match-table']//div[@class='match-table__row'])[6]//div[@class='match-table__col-wrapper'][1]//div[@class='match-table__selection-name'][text()='X']'.</msg>
<status status="PASS" starttime="20210827 15:09:11.029" endtime="20210827 15:09:11.144"/>
</kw>
<kw name="Element Should Be Visible" library="SeleniumLibrary">
<arg>${VLeagueBetslipActive6}</arg>
<doc>Verifies that the element identified by ``locator`` is visible.</doc>
<msg timestamp="20210827 15:09:11.374" level="INFO">Element 'xpath://div[@class='menu__item-betslip ']/a/div[@class='menu__item--total-bets menu__item--there-are-bets'][text()='6']' is displayed.</msg>
<status status="PASS" starttime="20210827 15:09:11.145" endtime="20210827 15:09:11.375"/>
</kw>
<kw name="Element Should Be Visible" library="SeleniumLibrary">
<arg>${VLeagueBonusProgress6}</arg>
<doc>Verifies that the element identified by ``locator`` is visible.</doc>
<msg timestamp="20210827 15:09:11.416" level="INFO">Element 'xpath://div[@class='bonus-bar__progress-wrapper--bonus-progress']//div[@class='bonus-bar__progress-wrapper--bonus-progress__6']' is displayed.</msg>
<status status="PASS" starttime="20210827 15:09:11.375" endtime="20210827 15:09:11.416"/>
</kw>
<kw name="Element Should Be Visible" library="SeleniumLibrary">
<arg>${VLeagueBonus%_6}</arg>
<doc>Verifies that the element identified by ``locator`` is visible.</doc>
<msg timestamp="20210827 15:09:11.448" level="INFO">Element 'xpath://div[@class='bonus-bar__current-multiplier--6']' is displayed.</msg>
<status status="PASS" starttime="20210827 15:09:11.416" endtime="20210827 15:09:11.448"/>
</kw>
<kw name="Element Text Should Be" library="SeleniumLibrary">
<arg>${VLeagueSelected}</arg>
<arg>6</arg>
<doc>Verifies that element ``locator`` contains exact the text ``expected``.</doc>
<msg timestamp="20210827 15:09:11.449" level="INFO">Verifying element 'xpath://div[@class='bonus-bar']//span' contains exact text '6'.</msg>
<status status="PASS" starttime="20210827 15:09:11.449" endtime="20210827 15:09:11.472"/>
</kw>
<kw name="Wait Until Element Is Visible" library="SeleniumLibrary">
<arg>${VLeagueMatchBet7Inactive_2}</arg>
<arg>10 seconds</arg>
<doc>Waits until the element ``locator`` is visible.</doc>
<status status="PASS" starttime="20210827 15:09:11.473" endtime="20210827 15:09:11.512"/>
</kw>
<kw name="Mouse Over" library="SeleniumLibrary">
<arg>${VLeagueMatchBet7Inactive_2}</arg>
<doc>Simulates hovering the mouse over the element ``locator``.</doc>
[...]
<msg timestamp="20210827 15:15:39.685" level="INFO">Verifying element 'xpath:(//div[@class='bet-form__row--number bet-form__winnings-row'])[3]' contains exact text 'KSh 0.00'.</msg>
<status status="PASS" starttime="20210827 15:15:39.685" endtime="20210827 15:15:39.711"/>
</kw>
<kw name="Element Text Should Be" library="SeleniumLibrary">
<arg>${VLeagueBetslipTotalReturn}</arg>
<arg>KSh 0.00</arg>
<doc>Verifies that element ``locator`` contains exact the text ``expected``.</doc>
<msg timestamp="20210827 15:15:39.712" level="INFO">Verifying element 'xpath:(//div[@class='bet-form__row--number bet-form__winnings-row'])[4]' contains exact text 'KSh 0.00'.</msg>
<status status="PASS" starttime="20210827 15:15:39.712" endtime="20210827 15:15:39.742"/>
</kw>
<kw name="Wait Until Element Is Visible" library="SeleniumLibrary">
<arg>${VLeagueBetslipKSh200}</arg>
<arg>10 seconds</arg>
<doc>Waits until the element ``locator`` is visible.</doc>
<status status="PASS" starttime="20210827 15:15:39.742" endtime="20210827 15:15:39.769"/>
</kw>
<kw name="Click Element" library="SeleniumLibrary">
<arg>${VLeagueBetslipKSh200}</arg>
<doc>Click the element identified by ``locator``.</doc>
<msg timestamp="20210827 15:15:39.770" level="INFO">Clicking element 'xpath://div[@class='bet-form']//div[@class='bet-form__input-row']//div[text()='KSh200']'.</msg>
<status status="PASS" starttime="20210827 15:15:39.769" endtime="20210827 15:15:39.883"/>
</kw>
<kw name="Page Should Contain Element" library="SeleniumLibrary">
<arg>${VLeagueBetslipInputValue200}</arg>
<doc>Verifies that element ``locator`` is found on the current page.</doc>
<msg timestamp="20210827 15:15:39.899" level="INFO">Current page contains element 'xpath://div[@class='bet-form__input-row--input']//input[@value='200.00']'.</msg>
<status status="PASS" starttime="20210827 15:15:39.883" endtime="20210827 15:15:39.899"/>
</kw>
<kw name="Screenshot" library="Common_keywords">
<arg>BetLion_Virtual League To Win_Stake Tax_Winnings Tax_Total Potential Return_Calculated.png</arg>
<kw name="Set Screenshot Directory" library="SeleniumLibrary">
<arg>${Path}</arg>
<doc>Sets the directory for captured screenshots.</doc>
<status status="PASS" starttime="20210827 15:15:39.899" endtime="20210827 15:15:39.900"/>
</kw>
<kw name="Capture Page Screenshot" library="SeleniumLibrary">
<arg>${filename}.${TYPE OF FILE}</arg>
<doc>Takes a screenshot of the current page and embeds it into a log file.</doc>
<msg timestamp="20210827 15:15:40.208" level="INFO" html="true">&lt;/td&gt;&lt;/tr&gt;&lt;tr&gt;&lt;td colspan="3"&gt;&lt;a href="Screenshots/IG_VirtualLeague/2021-08-27%2015-08-37/BetLion_Virtual%20League%20To%20Win_Stake%20Tax_Winnings%20Tax_Total%20Potential%20Return_Calculated.png.png"&gt;&lt;img src="Screenshots/IG_VirtualLeague/2021-08-27%2015-08-37/BetLion_Virtual%20League%20To%20Win_Stake%20Tax_Winnings%20Tax_Total%20Potential%20Return_Calculated.png.png" width="800px"&gt;&lt;/a&gt;</msg>
<status status="PASS" starttime="20210827 15:15:39.900" endtime="20210827 15:15:40.208"/>
</kw>
<kw name="Log To Console" library="BuiltIn">
<arg>${\n}Screenshot</arg>
<doc>Logs the given message to the console.</doc>
<status status="PASS" starttime="20210827 15:15:40.208" endtime="20210827 15:15:40.209"/>
</kw>
<status status="PASS" starttime="20210827 15:15:39.899" endtime="20210827 15:15:40.209"/>
</kw>
<kw name="Page Should Contain Element" library="SeleniumLibrary">
<arg>${VLeagueBetNow}</arg>
<doc>Verifies that element ``locator`` is found on the current page.</doc>
<msg timestamp="20210827 15:15:40.224" level="INFO">Current page contains element 'xpath://button[@class='bet-form__submit'][text()='Bet Now']'.</msg>
<status status="PASS" starttime="20210827 15:15:40.209" endtime="20210827 15:15:40.225"/>
</kw>
<kw name="Click Element" library="SeleniumLibrary">
<arg>${VLeagueBetNow}</arg>
<doc>Click the element identified by ``locator``.</doc>
<msg timestamp="20210827 15:15:40.225" level="INFO">Clicking element 'xpath://button[@class='bet-form__submit'][text()='Bet Now']'.</msg>
<status status="PASS" starttime="20210827 15:15:40.225" endtime="20210827 15:15:40.312"/>
</kw>
<kw name="Sleep" library="BuiltIn">
<arg>1</arg>
<doc>Pauses the test executed for the given time.</doc>
<msg timestamp="20210827 15:15:41.316" level="INFO">Slept 1 second</msg>
<status status="PASS" starttime="20210827 15:15:40.312" endtime="20210827 15:15:41.317"/>
</kw>
<kw name="Wait Until Element Is Visible" library="SeleniumLibrary">
<arg>${VLeagueBetPlacedSuccessfully}</arg>
<arg>30 seconds</arg>
<doc>Waits until the element ``locator`` is visible.</doc>
<status status="PASS" starttime="20210827 15:15:41.317" endtime="20210827 15:15:41.679"/>
</kw>
<kw name="Page Should Contain Element" library="SeleniumLibrary">
<arg>${VLeagueBetStatusOpen}</arg>
<doc>Verifies that element ``locator`` is found on the current page.</doc>
<msg timestamp="20210827 15:15:41.687" level="INFO">Current page contains element 'xpath://div[@class='bet-receipt-table__header--status-container bet-receipt-row__status'][text()='Open']'.</msg>
<status status="PASS" starttime="20210827 15:15:41.679" endtime="20210827 15:15:41.687"/>
</kw>
<kw name="Get Element Count" library="SeleniumLibrary">
<var>${countBetsReceiptRows}</var>
<arg>${VLeagueBetsReceiptRows}</arg>
<doc>Returns the number of elements matching ``locator``.</doc>
<msg timestamp="20210827 15:15:41.697" level="INFO">${countBetsReceiptRows} = 9</msg>
<status status="PASS" starttime="20210827 15:15:41.687" endtime="20210827 15:15:41.697"/>
</kw>
<kw name="Should Be Equal As Integers" library="BuiltIn">
<arg>${countBetslipRows}</arg>
<arg>9</arg>
<doc>Fails if objects are unequal after converting them to integers.</doc>
<msg timestamp="20210827 15:15:41.697" level="INFO">Argument types are:
&lt;class 'int'&gt;
&lt;type 'unicode'&gt;</msg>
<status status="PASS" starttime="20210827 15:15:41.697" endtime="20210827 15:15:41.697"/>
</kw>
<kw name="Log To Console" library="BuiltIn">
<arg>BetSlip Row Count = ${countBetsReceiptRows}</arg>
<doc>Logs the given message to the console.</doc>
<status status="PASS" starttime="20210827 15:15:41.697" endtime="20210827 15:15:41.698"/>
</kw>
<kw name="Sleep" library="BuiltIn">
<arg>1</arg>
<doc>Pauses the test executed for the given time.</doc>
<msg timestamp="20210827 15:15:42.707" level="INFO">Slept 1 second</msg>
<status status="PASS" starttime="20210827 15:15:41.698" endtime="20210827 15:15:42.708"/>
</kw>
<kw name="Unselect Frame" library="SeleniumLibrary">
<doc>Sets the main frame as the current frame.</doc>
<status status="PASS" starttime="20210827 15:15:42.708" endtime="20210827 15:15:42.717"/>
</kw>
<kw name="Execute Javascript" library="SeleniumLibrary">
<arg>window.scrollTo(0,400)</arg>
<doc>Executes the given JavaScript code with possible arguments.</doc>
<msg timestamp="20210827 15:15:42.719" level="INFO">Executing JavaScript:
window.scrollTo(0,400)
Without any arguments.</msg>
<status status="PASS" starttime="20210827 15:15:42.718" endtime="20210827 15:15:42.731"/>
</kw>
<kw name="Select Frame" library="SeleniumLibrary">
<arg>${iFrame}</arg>
<doc>Sets frame identified by ``locator`` as the current frame.</doc>
<msg timestamp="20210827 15:15:42.732" level="INFO">Selecting frame 'xpath://iframe[@id='virtualFrame']'.</msg>
<status status="PASS" starttime="20210827 15:15:42.731" endtime="20210827 15:15:42.756"/>
</kw>
<kw name="Sleep" library="BuiltIn">
<arg>1</arg>
<doc>Pauses the test executed for the given time.</doc>
<msg timestamp="20210827 15:15:43.759" level="INFO">Slept 1 second</msg>
<status status="PASS" starttime="20210827 15:15:42.757" endtime="20210827 15:15:43.759"/>
</kw>
<kw name="Element Text Should Not Be" library="SeleniumLibrary">
<arg>${VLeagueBetsReceiptTotalOdds}</arg>
<arg>0.00</arg>
<doc>Verifies that element ``locator`` does not contain exact the text ``not_expected``.</doc>
<msg timestamp="20210827 15:15:43.760" level="INFO">Verifying element 'xpath:(//div[@class='bet-receipt-table__info--right'][contains(text(),'')])[2]' does not contain exact text '0.00'.</msg>
<status status="PASS" starttime="20210827 15:15:43.759" endtime="20210827 15:15:43.795"/>
</kw>
<kw name="Element Text Should Be" library="SeleniumLibrary">
<arg>${VLeagueBetsReceiptTotalStake}</arg>
<arg>KSh200.00</arg>
<doc>Verifies that element ``locator`` contains exact the text ``expected``.</doc>
<msg timestamp="20210827 15:15:43.795" level="INFO">Verifying element 'xpath:(//div[@class='bet-receipt-table__info--right'][contains(text(),'')])[3]' contains exact text 'KSh200.00'.</msg>
<status status="PASS" starttime="20210827 15:15:43.795" endtime="20210827 15:15:43.813"/>
</kw>
<kw name="Element Text Should Not Be" library="SeleniumLibrary">
<arg>${VLeagueBetsTotalPotentialReturn}</arg>
<arg>0.00</arg>
<doc>Verifies that element ``locator`` does not contain exact the text ``not_expected``.</doc>
<msg timestamp="20210827 15:15:43.813" level="INFO">Verifying element 'xpath:(//div[@class='bet-receipt-table__info--right bet-receipt-table__info--winnings'][contains(text(),'')])[3]' does not contain exact text '0.00'.</msg>
<status status="PASS" starttime="20210827 15:15:43.813" endtime="20210827 15:15:43.830"/>
</kw>
<kw name="Page Should Contain Element" library="SeleniumLibrary">
<arg>${VLeagueBetsReuseSelections}</arg>
<doc>Verifies that element ``locator`` is found on the current page.</doc>
<msg timestamp="20210827 15:15:43.838" level="INFO">Current page contains element 'xpath://a[@class='bet-receipt__play'][(text()='Reuse Selections')]'.</msg>
<status status="PASS" starttime="20210827 15:15:43.830" endtime="20210827 15:15:43.838"/>
</kw>
<kw name="Element Should Be Enabled" library="SeleniumLibrary">
<arg>${VLeagueBetsReuseSelections}</arg>
<doc>Verifies that element identified by ``locator`` is enabled.</doc>
<status status="PASS" starttime="20210827 15:15:43.838" endtime="20210827 15:15:43.863"/>
</kw>
<kw name="Page Should Contain Element" library="SeleniumLibrary">
<arg>${VLeagueBetsBacktoMatches}</arg>
<doc>Verifies that element ``locator`` is found on the current page.</doc>
<msg timestamp="20210827 15:15:43.872" level="INFO">Current page contains element 'xpath://a[@class='bet-receipt__play bet-receipt__play--primary'][(text()='Back to Matches')]'.</msg>
<status status="PASS" starttime="20210827 15:15:43.863" endtime="20210827 15:15:43.872"/>
</kw>
<kw name="Element Should Be Enabled" library="SeleniumLibrary">
<arg>${VLeagueBetsBacktoMatches}</arg>
<doc>Verifies that element identified by ``locator`` is enabled.</doc>
<status status="PASS" starttime="20210827 15:15:43.872" endtime="20210827 15:15:43.890"/>
</kw>
<kw name="Page Should Contain Element" library="SeleniumLibrary">
<arg>${VLeagueBetsBetHistory}</arg>
<doc>Verifies that element ``locator`` is found on the current page.</doc>
<msg timestamp="20210827 15:15:43.897" level="INFO">Current page contains element 'xpath://a[@class='history-link'][(text()='Bet History')]'.</msg>
<status status="PASS" starttime="20210827 15:15:43.890" endtime="20210827 15:15:43.897"/>
</kw>
<kw name="Element Should Be Enabled" library="SeleniumLibrary">
<arg>${VLeagueBetsBetHistory}</arg>
<doc>Verifies that element identified by ``locator`` is enabled.</doc>
<status status="PASS" starttime="20210827 15:15:43.897" endtime="20210827 15:15:43.911"/>
</kw>
<kw name="Screenshot" library="Common_keywords">
<arg>BetLion_Virtual League Bet Placed_Odds Stakes Visible_Reuse Selections Back to Matches Buttons.png</arg>
<kw name="Set Screenshot Directory" library="SeleniumLibrary">
<arg>${Path}</arg>
<doc>Sets the directory for captured screenshots.</doc>
<status status="PASS" starttime="20210827 15:15:43.911" endtime="20210827 15:15:43.912"/>
</kw>
<kw name="Capture Page Screenshot" library="SeleniumLibrary">
<arg>${filename}.${TYPE OF FILE}</arg>
<doc>Takes a screenshot of the current page and embeds it into a log file.</doc>
<msg timestamp="20210827 15:15:44.074" level="INFO" html="true">&lt;/td&gt;&lt;/tr&gt;&lt;tr&gt;&lt;td colspan="3"&gt;&lt;a href="Screenshots/IG_VirtualLeague/2021-08-27%2015-08-37/BetLion_Virtual%20League%20Bet%20Placed_Odds%20Stakes%20Visible_Reuse%20Selections%20Back%20to%20Matches%20Buttons.png.png"&gt;&lt;img src="Screenshots/IG_VirtualLeague/2021-08-27%2015-08-37/BetLion_Virtual%20League%20Bet%20Placed_Odds%20Stakes%20Visible_Reuse%20Selections%20Back%20to%20Matches%20Buttons.png.png" width="800px"&gt;&lt;/a&gt;</msg>
<status status="PASS" starttime="20210827 15:15:43.912" endtime="20210827 15:15:44.074"/>
</kw>
<kw name="Log To Console" library="BuiltIn">
<arg>${\n}Screenshot</arg>
<doc>Logs the given message to the console.</doc>
<status status="PASS" starttime="20210827 15:15:44.074" endtime="20210827 15:15:44.074"/>
</kw>
<status status="PASS" starttime="20210827 15:15:43.911" endtime="20210827 15:15:44.075"/>
</kw>
<kw name="Sleep" library="BuiltIn">
<arg>1</arg>
<doc>Pauses the test executed for the given time.</doc>
<msg timestamp="20210827 15:15:45.079" level="INFO">Slept 1 second</msg>
<status status="PASS" starttime="20210827 15:15:44.075" endtime="20210827 15:15:45.080"/>
</kw>
<kw name="Unselect Frame" library="SeleniumLibrary">
<doc>Sets the main frame as the current frame.</doc>
<status status="PASS" starttime="20210827 15:15:45.080" endtime="20210827 15:15:45.083"/>
</kw>
<kw name="Execute Javascript" library="SeleniumLibrary">
<arg>window.scrollTo(0,-400)</arg>
<doc>Executes the given JavaScript code with possible arguments.</doc>
<msg timestamp="20210827 15:15:45.084" level="INFO">Executing JavaScript:
window.scrollTo(0,-400)
Without any arguments.</msg>
<status status="PASS" starttime="20210827 15:15:45.083" endtime="20210827 15:15:45.092"/>
</kw>
<kw name="Select Frame" library="SeleniumLibrary">
<arg>${iFrame}</arg>
<doc>Sets frame identified by ``locator`` as the current frame.</doc>
<msg timestamp="20210827 15:15:45.092" level="INFO">Selecting frame 'xpath://iframe[@id='virtualFrame']'.</msg>
<status status="PASS" starttime="20210827 15:15:45.092" endtime="20210827 15:15:45.120"/>
</kw>
<kw name="Sleep" library="BuiltIn">
<arg>1</arg>
<doc>Pauses the test executed for the given time.</doc>
<msg timestamp="20210827 15:15:46.135" level="INFO">Slept 1 second</msg>
<status status="PASS" starttime="20210827 15:15:45.120" endtime="20210827 15:15:46.135"/>
</kw>
<kw name="Log To Console" library="BuiltIn">
<arg>Wait until Live Tab Selected and Active</arg>
<doc>Logs the given message to the console.</doc>
<status status="PASS" starttime="20210827 15:15:46.136" endtime="20210827 15:15:46.136"/>
</kw>
<kw name="Wait Until Element Is Visible" library="SeleniumLibrary">
<arg>${VLeagueLiveTabActive}</arg>
<arg>150 seconds</arg>
<doc>Waits until the element ``locator`` is visible.</doc>
<status status="PASS" starttime="20210827 15:15:46.136" endtime="20210827 15:18:00.090"/>
</kw>
<kw name="Sleep" library="BuiltIn">
<arg>2</arg>
<doc>Pauses the test executed for the given time.</doc>
<msg timestamp="20210827 15:18:02.097" level="INFO">Slept 2 seconds</msg>
<status status="PASS" starttime="20210827 15:18:00.090" endtime="20210827 15:18:02.098"/>
</kw>
<kw name="Log To Console" library="BuiltIn">
<arg>Bet Now visible then removed</arg>
<doc>Logs the given message to the console.</doc>
<status status="PASS" starttime="20210827 15:18:02.098" endtime="20210827 15:18:02.099"/>
</kw>
<kw name="Wait Until Element Is Not Visible" library="SeleniumLibrary">
<arg>${VLeagueLiveBetNowBtn}</arg>
<arg>20 seconds</arg>
<doc>Waits until the element ``locator`` is not visible.</doc>
<status status="PASS" starttime="20210827 15:18:02.099" endtime="20210827 15:18:12.147"/>
</kw>
<kw name="Log To Console" library="BuiltIn">
<arg>League, Season, Week visible</arg>
<doc>Logs the given message to the console.</doc>
<status status="PASS" starttime="20210827 15:18:12.148" endtime="20210827 15:18:12.148"/>
</kw>
<kw name="Page Should Contain Element" library="SeleniumLibrary">
<arg>${VLeagueLiveVVAfricanNationsLeague}</arg>
<doc>Verifies that element ``locator`` is found on the current page.</doc>
<msg timestamp="20210827 15:18:12.167" level="INFO">Current page contains element 'xpath://div[@class='matches-table__header--competition']//span[contains(text(),'V-African Nations')]'.</msg>
<status status="PASS" starttime="20210827 15:18:12.149" endtime="20210827 15:18:12.168"/>
</kw>
<kw name="Page Should Contain Element" library="SeleniumLibrary">
<arg>${VLeagueLiveSeason}</arg>
<doc>Verifies that element ``locator`` is found on the current page.</doc>
<msg timestamp="20210827 15:18:12.185" level="INFO">Current page contains element 'xpath://div[@class='matches-table__header--competition']//span[contains(text(),'Season')]'.</msg>
<status status="PASS" starttime="20210827 15:18:12.168" endtime="20210827 15:18:12.185"/>
</kw>
<kw name="Page Should Contain Element" library="SeleniumLibrary">
<arg>${VLeagueLiveWeek}</arg>
<doc>Verifies that element ``locator`` is found on the current page.</doc>
<msg timestamp="20210827 15:18:12.205" level="INFO">Current page contains element 'xpath://div[@class='matches-table__header--competition']//span[contains(text(),'Week')]'.</msg>
<status status="PASS" starttime="20210827 15:18:12.186" endtime="20210827 15:18:12.205"/>
</kw>
<kw name="Log To Console" library="BuiltIn">
<arg>1st Half visible</arg>
<doc>Logs the given message to the console.</doc>
<status status="PASS" starttime="20210827 15:18:12.206" endtime="20210827 15:18:12.207"/>
</kw>
<kw name="Page Should Contain Element" library="SeleniumLibrary">
<arg>${VLeagueLive1stHalf}</arg>
<doc>Verifies that element ``locator`` is found on the current page.</doc>
<msg timestamp="20210827 15:18:12.222" level="INFO">Current page contains element 'xpath://div[@class='matches-table__header--period--text'][text()='1st Half']'.</msg>
<status status="PASS" starttime="20210827 15:18:12.207" endtime="20210827 15:18:12.222"/>
</kw>
<kw name="Wait Until Element Is Visible" library="SeleniumLibrary">
<arg>${VLeagueLiveVAfricanNationsSouthAfrica}</arg>
<arg>10 seconds</arg>
<doc>Waits until the element ``locator`` is visible.</doc>
<status status="PASS" starttime="20210827 15:18:12.223" endtime="20210827 15:18:12.272"/>
</kw>
<kw name="Page Should Contain Element" library="SeleniumLibrary">
<arg>${VLeagueLiveVAfricanNationsSouthAfrica}</arg>
<doc>Verifies that element ``locator`` is found on the current page.</doc>
<msg timestamp="20210827 15:18:12.282" level="INFO">Current page contains element 'xpath://div[@class='matches-table']//div[text()='South Africa']'.</msg>
<status status="PASS" starttime="20210827 15:18:12.272" endtime="20210827 15:18:12.282"/>
</kw>
<kw name="Page Should Contain Element" library="SeleniumLibrary">
<arg>${VLeagueLiveVAfricanNationsCameroon}</arg>
<doc>Verifies that element ``locator`` is found on the current page.</doc>
<msg timestamp="20210827 15:18:12.297" level="INFO">Current page contains element 'xpath://div[@class='matches-table']//div[text()='Cameroon']'.</msg>
<status status="PASS" starttime="20210827 15:18:12.282" endtime="20210827 15:18:12.298"/>
</kw>
<status status="PASS" starttime="20210827 15:15:12.497" endtime="20210827 15:18:12.298"/>
</kw>
<tag>behavior-driven</tag>
<tag>PT-43</tag>
<tag>UI</tag>
<status status="PASS" starttime="20210827 15:08:33.369" endtime="20210827 15:18:12.299"/>
</test>
<doc>Automation Priority List - V-League</doc>
<status status="PASS" starttime="20210827 15:08:33.184" endtime="20210827 15:18:12.301"/>
</suite>
<statistics>
<total>
<stat pass="1" fail="0" skip="0">All Tests</stat>
</total>
<tag>
<stat pass="1" fail="0" skip="0">behavior-driven</stat>
<stat pass="1" fail="0" skip="0">PT-43</stat>
<stat pass="1" fail="0" skip="0">UI</stat>
</tag>
<suite>
<stat pass="1" fail="0" skip="0" id="s1" name="VLeague Fixtures AutoStake TC">VLeague Fixtures AutoStake TC</stat>
</suite>
</statistics>
<errors>
</errors>
</robot>
